{"meta": {"format": 3, "version": "7.11.0", "timestamp": "2025-11-02T09:49:16.101625", "branch_coverage": false, "show_contexts": false}, "files": {"capmaster/__init__.py": {"executed_lines": [0], "summary": {"covered_lines": 0, "num_statements": 0, "percent_covered": 100.0, "percent_covered_display": "100", "missing_lines": 0, "excluded_lines": 0}, "missing_lines": [], "excluded_lines": [], "functions": {"": {"executed_lines": [], "summary": {"covered_lines": 0, "num_statements": 0, "percent_covered": 100.0, "percent_covered_display": "100", "missing_lines": 0, "excluded_lines": 0}, "missing_lines": [], "excluded_lines": []}}, "classes": {"": {"executed_lines": [], "summary": {"covered_lines": 0, "num_statements": 0, "percent_covered": 100.0, "percent_covered_display": "100", "missing_lines": 0, "excluded_lines": 0}, "missing_lines": [], "excluded_lines": []}}}, "capmaster/__main__.py": {"executed_lines": [], "summary": {"covered_lines": 0, "num_statements": 3, "percent_covered": 0.0, "percent_covered_display": "0", "missing_lines": 3, "excluded_lines": 0}, "missing_lines": [3, 5, 6], "excluded_lines": [], "functions": {"": {"executed_lines": [], "summary": {"covered_lines": 0, "num_statements": 3, "percent_covered": 0.0, "percent_covered_display": "0", "missing_lines": 3, "excluded_lines": 0}, "missing_lines": [3, 5, 6], "excluded_lines": []}}, "classes": {"": {"executed_lines": [], "summary": {"covered_lines": 0, "num_statements": 3, "percent_covered": 0.0, "percent_covered_display": "0", "missing_lines": 3, "excluded_lines": 0}, "missing_lines": [3, 5, 6], "excluded_lines": []}}}, "capmaster/cli.py": {"executed_lines": [1, 3, 5, 7, 8, 11, 14, 15, 16, 22, 23, 30, 33, 36, 37, 40, 61], "summary": {"covered_lines": 16, "num_statements": 29, "percent_covered": 55.172413793103445, "percent_covered_display": "55", "missing_lines": 13, "excluded_lines": 0}, "missing_lines": [42, 44, 47, 48, 49, 52, 53, 54, 55, 56, 57, 58, 62], "excluded_lines": [], "functions": {"cli": {"executed_lines": [30, 33, 36, 37], "summary": {"covered_lines": 4, "num_statements": 4, "percent_covered": 100.0, "percent_covered_display": "100", "missing_lines": 0, "excluded_lines": 0}, "missing_lines": [], "excluded_lines": []}, "main": {"executed_lines": [], "summary": {"covered_lines": 0, "num_statements": 12, "percent_covered": 0.0, "percent_covered_display": "0", "missing_lines": 12, "excluded_lines": 0}, "missing_lines": [42, 44, 47, 48, 49, 52, 53, 54, 55, 56, 57, 58], "excluded_lines": []}, "": {"executed_lines": [1, 3, 5, 7, 8, 11, 14, 15, 16, 22, 23, 40, 61], "summary": {"covered_lines": 12, "num_statements": 13, "percent_covered": 92.3076923076923, "percent_covered_display": "92", "missing_lines": 1, "excluded_lines": 0}, "missing_lines": [62], "excluded_lines": []}}, "classes": {"": {"executed_lines": [1, 3, 5, 7, 8, 11, 14, 15, 16, 22, 23, 30, 33, 36, 37, 40, 61], "summary": {"covered_lines": 16, "num_statements": 29, "percent_covered": 55.172413793103445, "percent_covered_display": "55", "missing_lines": 13, "excluded_lines": 0}, "missing_lines": [42, 44, 47, 48, 49, 52, 53, 54, 55, 56, 57, 58, 62], "excluded_lines": []}}}, "capmaster/config/__init__.py": {"executed_lines": [], "summary": {"covered_lines": 0, "num_statements": 0, "percent_covered": 100.0, "percent_covered_display": "100", "missing_lines": 0, "excluded_lines": 0}, "missing_lines": [], "excluded_lines": [], "functions": {"": {"executed_lines": [], "summary": {"covered_lines": 0, "num_statements": 0, "percent_covered": 100.0, "percent_covered_display": "100", "missing_lines": 0, "excluded_lines": 0}, "missing_lines": [], "excluded_lines": []}}, "classes": {"": {"executed_lines": [], "summary": {"covered_lines": 0, "num_statements": 0, "percent_covered": 100.0, "percent_covered_display": "100", "missing_lines": 0, "excluded_lines": 0}, "missing_lines": [], "excluded_lines": []}}}, "capmaster/core/__init__.py": {"executed_lines": [0], "summary": {"covered_lines": 0, "num_statements": 0, "percent_covered": 100.0, "percent_covered_display": "100", "missing_lines": 0, "excluded_lines": 0}, "missing_lines": [], "excluded_lines": [], "functions": {"": {"executed_lines": [], "summary": {"covered_lines": 0, "num_statements": 0, "percent_covered": 100.0, "percent_covered_display": "100", "missing_lines": 0, "excluded_lines": 0}, "missing_lines": [], "excluded_lines": []}}, "classes": {"": {"executed_lines": [], "summary": {"covered_lines": 0, "num_statements": 0, "percent_covered": 100.0, "percent_covered_display": "100", "missing_lines": 0, "excluded_lines": 0}, "missing_lines": [], "excluded_lines": []}}}, "capmaster/core/file_scanner.py": {"executed_lines": [1, 3, 6, 7, 9, 11, 12, 26, 28, 29, 31, 32, 34, 35, 36, 37, 38, 41, 43, 44, 55, 57, 59, 60, 61, 64, 65, 66, 68, 70, 71, 86, 87, 90, 91, 92, 96], "summary": {"covered_lines": 35, "num_statements": 37, "percent_covered": 94.5945945945946, "percent_covered_display": "95", "missing_lines": 2, "excluded_lines": 0}, "missing_lines": [93, 94], "excluded_lines": [], "functions": {"PcapScanner.scan": {"executed_lines": [26, 28, 29, 31, 32, 34, 35, 36, 37, 38, 41], "summary": {"covered_lines": 11, "num_statements": 11, "percent_covered": 100.0, "percent_covered_display": "100", "missing_lines": 0, "excluded_lines": 0}, "missing_lines": [], "excluded_lines": []}, "PcapScanner._scan_directory": {"executed_lines": [55, 57, 59, 60, 61, 64, 65, 66, 68], "summary": {"covered_lines": 9, "num_statements": 9, "percent_covered": 100.0, "percent_covered_display": "100", "missing_lines": 0, "excluded_lines": 0}, "missing_lines": [], "excluded_lines": []}, "PcapScanner.is_valid_pcap": {"executed_lines": [86, 87, 90, 91, 92, 96], "summary": {"covered_lines": 6, "num_statements": 8, "percent_covered": 75.0, "percent_covered_display": "75", "missing_lines": 2, "excluded_lines": 0}, "missing_lines": [93, 94], "excluded_lines": []}, "": {"executed_lines": [1, 3, 6, 7, 9, 11, 12, 43, 44, 70, 71], "summary": {"covered_lines": 9, "num_statements": 9, "percent_covered": 100.0, "percent_covered_display": "100", "missing_lines": 0, "excluded_lines": 0}, "missing_lines": [], "excluded_lines": []}}, "classes": {"PcapScanner": {"executed_lines": [26, 28, 29, 31, 32, 34, 35, 36, 37, 38, 41, 55, 57, 59, 60, 61, 64, 65, 66, 68, 86, 87, 90, 91, 92, 96], "summary": {"covered_lines": 26, "num_statements": 28, "percent_covered": 92.85714285714286, "percent_covered_display": "93", "missing_lines": 2, "excluded_lines": 0}, "missing_lines": [93, 94], "excluded_lines": []}, "": {"executed_lines": [1, 3, 6, 7, 9, 11, 12, 43, 44, 70, 71], "summary": {"covered_lines": 9, "num_statements": 9, "percent_covered": 100.0, "percent_covered_display": "100", "missing_lines": 0, "excluded_lines": 0}, "missing_lines": [], "excluded_lines": []}}}, "capmaster/core/output_manager.py": {"executed_lines": [1, 3, 6, 7, 9, 11, 12, 29, 30, 33, 34, 37, 40, 42, 44, 45, 64, 65, 67, 68, 86, 88, 89, 90, 91, 92], "summary": {"covered_lines": 24, "num_statements": 24, "percent_covered": 100.0, "percent_covered_display": "100", "missing_lines": 0, "excluded_lines": 0}, "missing_lines": [], "excluded_lines": [], "functions": {"OutputManager.create_output_dir": {"executed_lines": [29, 30, 33, 34, 37, 40, 42], "summary": {"covered_lines": 7, "num_statements": 7, "percent_covered": 100.0, "percent_covered_display": "100", "missing_lines": 0, "excluded_lines": 0}, "missing_lines": [], "excluded_lines": []}, "OutputManager.get_output_path": {"executed_lines": [64, 65], "summary": {"covered_lines": 2, "num_statements": 2, "percent_covered": 100.0, "percent_covered_display": "100", "missing_lines": 0, "excluded_lines": 0}, "missing_lines": [], "excluded_lines": []}, "OutputManager.get_base_name": {"executed_lines": [86, 88, 89, 90, 91, 92], "summary": {"covered_lines": 6, "num_statements": 6, "percent_covered": 100.0, "percent_covered_display": "100", "missing_lines": 0, "excluded_lines": 0}, "missing_lines": [], "excluded_lines": []}, "": {"executed_lines": [1, 3, 6, 7, 9, 11, 12, 44, 45, 67, 68], "summary": {"covered_lines": 9, "num_statements": 9, "percent_covered": 100.0, "percent_covered_display": "100", "missing_lines": 0, "excluded_lines": 0}, "missing_lines": [], "excluded_lines": []}}, "classes": {"OutputManager": {"executed_lines": [29, 30, 33, 34, 37, 40, 42, 64, 65, 86, 88, 89, 90, 91, 92], "summary": {"covered_lines": 15, "num_statements": 15, "percent_covered": 100.0, "percent_covered_display": "100", "missing_lines": 0, "excluded_lines": 0}, "missing_lines": [], "excluded_lines": []}, "": {"executed_lines": [1, 3, 6, 7, 9, 11, 12, 44, 45, 67, 68], "summary": {"covered_lines": 9, "num_statements": 9, "percent_covered": 100.0, "percent_covered_display": "100", "missing_lines": 0, "excluded_lines": 0}, "missing_lines": [], "excluded_lines": []}}}, "capmaster/core/protocol_detector.py": {"executed_lines": [1, 3, 4, 6, 9, 10, 12, 19, 21, 35, 42, 44, 46, 68, 72, 74, 75, 76, 78], "summary": {"covered_lines": 17, "num_statements": 17, "percent_covered": 100.0, "percent_covered_display": "100", "missing_lines": 0, "excluded_lines": 0}, "missing_lines": [], "excluded_lines": [], "functions": {"ProtocolDetector.__init__": {"executed_lines": [19], "summary": {"covered_lines": 1, "num_statements": 1, "percent_covered": 100.0, "percent_covered_display": "100", "missing_lines": 0, "excluded_lines": 0}, "missing_lines": [], "excluded_lines": []}, "ProtocolDetector.detect": {"executed_lines": [35, 42, 44], "summary": {"covered_lines": 3, "num_statements": 3, "percent_covered": 100.0, "percent_covered_display": "100", "missing_lines": 0, "excluded_lines": 0}, "missing_lines": [], "excluded_lines": []}, "ProtocolDetector._parse_protocol_hierarchy": {"executed_lines": [68, 72, 74, 75, 76, 78], "summary": {"covered_lines": 6, "num_statements": 6, "percent_covered": 100.0, "percent_covered_display": "100", "missing_lines": 0, "excluded_lines": 0}, "missing_lines": [], "excluded_lines": []}, "": {"executed_lines": [1, 3, 4, 6, 9, 10, 12, 21, 46], "summary": {"covered_lines": 7, "num_statements": 7, "percent_covered": 100.0, "percent_covered_display": "100", "missing_lines": 0, "excluded_lines": 0}, "missing_lines": [], "excluded_lines": []}}, "classes": {"ProtocolDetector": {"executed_lines": [19, 35, 42, 44, 68, 72, 74, 75, 76, 78], "summary": {"covered_lines": 10, "num_statements": 10, "percent_covered": 100.0, "percent_covered_display": "100", "missing_lines": 0, "excluded_lines": 0}, "missing_lines": [], "excluded_lines": []}, "": {"executed_lines": [1, 3, 4, 6, 9, 10, 12, 21, 46], "summary": {"covered_lines": 7, "num_statements": 7, "percent_covered": 100.0, "percent_covered_display": "100", "missing_lines": 0, "excluded_lines": 0}, "missing_lines": [], "excluded_lines": []}}}, "capmaster/core/tshark_wrapper.py": {"executed_lines": [1, 3, 4, 5, 8, 9, 11, 13, 14, 16, 26, 27, 28, 33, 35, 45, 46, 54, 55, 56, 57, 59, 60, 61, 63, 65, 66, 68, 92, 95, 96, 99, 102, 104, 105, 115, 123, 125, 135, 136, 137, 139, 140, 141, 142, 143, 144], "summary": {"covered_lines": 45, "num_statements": 49, "percent_covered": 91.83673469387755, "percent_covered_display": "92", "missing_lines": 4, "excluded_lines": 0}, "missing_lines": [62, 64, 145, 147], "excluded_lines": [], "functions": {"TsharkWrapper.__init__": {"executed_lines": [13, 14], "summary": {"covered_lines": 2, "num_statements": 2, "percent_covered": 100.0, "percent_covered_display": "100", "missing_lines": 0, "excluded_lines": 0}, "missing_lines": [], "excluded_lines": []}, "TsharkWrapper._find_tshark": {"executed_lines": [26, 27, 28, 33], "summary": {"covered_lines": 4, "num_statements": 4, "percent_covered": 100.0, "percent_covered_display": "100", "missing_lines": 0, "excluded_lines": 0}, "missing_lines": [], "excluded_lines": []}, "TsharkWrapper._get_version": {"executed_lines": [45, 46, 54, 55, 56, 57, 59, 60, 61, 63, 65, 66], "summary": {"covered_lines": 12, "num_statements": 14, "percent_covered": 85.71428571428571, "percent_covered_display": "86", "missing_lines": 2, "excluded_lines": 0}, "missing_lines": [62, 64], "excluded_lines": []}, "TsharkWrapper.execute": {"executed_lines": [92, 95, 96, 99, 102, 104, 105, 115, 123], "summary": {"covered_lines": 9, "num_statements": 9, "percent_covered": 100.0, "percent_covered_display": "100", "missing_lines": 0, "excluded_lines": 0}, "missing_lines": [], "excluded_lines": []}, "TsharkWrapper.check_version_requirement": {"executed_lines": [135, 136, 137, 139, 140, 141, 142, 143, 144], "summary": {"covered_lines": 9, "num_statements": 11, "percent_covered": 81.81818181818181, "percent_covered_display": "82", "missing_lines": 2, "excluded_lines": 0}, "missing_lines": [145, 147], "excluded_lines": []}, "": {"executed_lines": [1, 3, 4, 5, 8, 9, 11, 16, 35, 68, 125], "summary": {"covered_lines": 9, "num_statements": 9, "percent_covered": 100.0, "percent_covered_display": "100", "missing_lines": 0, "excluded_lines": 0}, "missing_lines": [], "excluded_lines": []}}, "classes": {"TsharkWrapper": {"executed_lines": [13, 14, 26, 27, 28, 33, 45, 46, 54, 55, 56, 57, 59, 60, 61, 63, 65, 66, 92, 95, 96, 99, 102, 104, 105, 115, 123, 135, 136, 137, 139, 140, 141, 142, 143, 144], "summary": {"covered_lines": 36, "num_statements": 40, "percent_covered": 90.0, "percent_covered_display": "90", "missing_lines": 4, "excluded_lines": 0}, "missing_lines": [62, 64, 145, 147], "excluded_lines": []}, "": {"executed_lines": [1, 3, 4, 5, 8, 9, 11, 16, 35, 68, 125], "summary": {"covered_lines": 9, "num_statements": 9, "percent_covered": 100.0, "percent_covered_display": "100", "missing_lines": 0, "excluded_lines": 0}, "missing_lines": [], "excluded_lines": []}}}, "capmaster/plugins/__init__.py": {"executed_lines": [1, 3, 6, 9, 19, 20, 23, 30, 33, 41, 42, 46, 47, 51, 52, 57], "summary": {"covered_lines": 15, "num_statements": 21, "percent_covered": 71.42857142857143, "percent_covered_display": "71", "missing_lines": 6, "excluded_lines": 0}, "missing_lines": [43, 44, 48, 49, 53, 54], "excluded_lines": [], "functions": {"register_plugin": {"executed_lines": [19, 20], "summary": {"covered_lines": 2, "num_statements": 2, "percent_covered": 100.0, "percent_covered_display": "100", "missing_lines": 0, "excluded_lines": 0}, "missing_lines": [], "excluded_lines": []}, "get_all_plugins": {"executed_lines": [30], "summary": {"covered_lines": 1, "num_statements": 1, "percent_covered": 100.0, "percent_covered_display": "100", "missing_lines": 0, "excluded_lines": 0}, "missing_lines": [], "excluded_lines": []}, "discover_plugins": {"executed_lines": [41, 42, 46, 47, 51, 52], "summary": {"covered_lines": 6, "num_statements": 12, "percent_covered": 50.0, "percent_covered_display": "50", "missing_lines": 6, "excluded_lines": 0}, "missing_lines": [43, 44, 48, 49, 53, 54], "excluded_lines": []}, "": {"executed_lines": [1, 3, 6, 9, 23, 33, 57], "summary": {"covered_lines": 6, "num_statements": 6, "percent_covered": 100.0, "percent_covered_display": "100", "missing_lines": 0, "excluded_lines": 0}, "missing_lines": [], "excluded_lines": []}}, "classes": {"": {"executed_lines": [1, 3, 6, 9, 19, 20, 23, 30, 33, 41, 42, 46, 47, 51, 52, 57], "summary": {"covered_lines": 15, "num_statements": 21, "percent_covered": 71.42857142857143, "percent_covered_display": "71", "missing_lines": 6, "excluded_lines": 0}, "missing_lines": [43, 44, 48, 49, 53, 54], "excluded_lines": []}}}, "capmaster/plugins/analyze/__init__.py": {"executed_lines": [1, 3, 4, 7, 9], "summary": {"covered_lines": 4, "num_statements": 4, "percent_covered": 100.0, "percent_covered_display": "100", "missing_lines": 0, "excluded_lines": 0}, "missing_lines": [], "excluded_lines": [], "functions": {"": {"executed_lines": [1, 3, 4, 7, 9], "summary": {"covered_lines": 4, "num_statements": 4, "percent_covered": 100.0, "percent_covered_display": "100", "missing_lines": 0, "excluded_lines": 0}, "missing_lines": [], "excluded_lines": []}}, "classes": {"": {"executed_lines": [1, 3, 4, 7, 9], "summary": {"covered_lines": 4, "num_statements": 4, "percent_covered": 100.0, "percent_covered_display": "100", "missing_lines": 0, "excluded_lines": 0}, "missing_lines": [], "excluded_lines": []}}}, "capmaster/plugins/analyze/config_loader.py": {"executed_lines": [], "summary": {"covered_lines": 0, "num_statements": 46, "percent_covered": 0.0, "percent_covered_display": "0", "missing_lines": 46, "excluded_lines": 0}, "missing_lines": [3, 4, 6, 8, 10, 13, 16, 17, 31, 32, 34, 36, 37, 39, 40, 42, 44, 45, 47, 48, 56, 57, 58, 60, 61, 74, 75, 77, 78, 79, 81, 82, 83, 85, 86, 87, 88, 91, 92, 93, 94, 95, 96, 99, 100, 102], "excluded_lines": [], "functions": {"ConfigLoader.load_config": {"executed_lines": [], "summary": {"covered_lines": 0, "num_statements": 10, "percent_covered": 0.0, "percent_covered_display": "0", "missing_lines": 10, "excluded_lines": 0}, "missing_lines": [31, 32, 34, 36, 37, 39, 40, 42, 44, 45], "excluded_lines": []}, "ConfigLoader.get_default_config_path": {"executed_lines": [], "summary": {"covered_lines": 0, "num_statements": 3, "percent_covered": 0.0, "percent_covered_display": "0", "missing_lines": 3, "excluded_lines": 0}, "missing_lines": [56, 57, 58], "excluded_lines": []}, "ConfigLoader.validate_config": {"executed_lines": [], "summary": {"covered_lines": 0, "num_statements": 21, "percent_covered": 0.0, "percent_covered_display": "0", "missing_lines": 21, "excluded_lines": 0}, "missing_lines": [74, 75, 77, 78, 79, 81, 82, 83, 85, 86, 87, 88, 91, 92, 93, 94, 95, 96, 99, 100, 102], "excluded_lines": []}, "": {"executed_lines": [], "summary": {"covered_lines": 0, "num_statements": 12, "percent_covered": 0.0, "percent_covered_display": "0", "missing_lines": 12, "excluded_lines": 0}, "missing_lines": [3, 4, 6, 8, 10, 13, 16, 17, 47, 48, 60, 61], "excluded_lines": []}}, "classes": {"ConfigLoader": {"executed_lines": [], "summary": {"covered_lines": 0, "num_statements": 34, "percent_covered": 0.0, "percent_covered_display": "0", "missing_lines": 34, "excluded_lines": 0}, "missing_lines": [31, 32, 34, 36, 37, 39, 40, 42, 44, 45, 56, 57, 58, 74, 75, 77, 78, 79, 81, 82, 83, 85, 86, 87, 88, 91, 92, 93, 94, 95, 96, 99, 100, 102], "excluded_lines": []}, "": {"executed_lines": [], "summary": {"covered_lines": 0, "num_statements": 12, "percent_covered": 0.0, "percent_covered_display": "0", "missing_lines": 12, "excluded_lines": 0}, "missing_lines": [3, 4, 6, 8, 10, 13, 16, 17, 47, 48, 60, 61], "excluded_lines": []}}}, "capmaster/plugins/analyze/executor.py": {"executed_lines": [1, 3, 5, 6, 7, 8, 9, 11, 14, 15, 17, 28, 74], "summary": {"covered_lines": 11, "num_statements": 38, "percent_covered": 28.94736842105263, "percent_covered_display": "29", "missing_lines": 27, "excluded_lines": 0}, "missing_lines": [25, 26, 47, 50, 51, 52, 55, 58, 59, 60, 61, 65, 67, 68, 69, 71, 72, 96, 99, 104, 105, 112, 113, 116, 117, 119, 123], "excluded_lines": [], "functions": {"AnalysisExecutor.__init__": {"executed_lines": [], "summary": {"covered_lines": 0, "num_statements": 2, "percent_covered": 0.0, "percent_covered_display": "0", "missing_lines": 2, "excluded_lines": 0}, "missing_lines": [25, 26], "excluded_lines": []}, "AnalysisExecutor.execute_modules": {"executed_lines": [], "summary": {"covered_lines": 0, "num_statements": 15, "percent_covered": 0.0, "percent_covered_display": "0", "missing_lines": 15, "excluded_lines": 0}, "missing_lines": [47, 50, 51, 52, 55, 58, 59, 60, 61, 65, 67, 68, 69, 71, 72], "excluded_lines": []}, "AnalysisExecutor._execute_module": {"executed_lines": [], "summary": {"covered_lines": 0, "num_statements": 10, "percent_covered": 0.0, "percent_covered_display": "0", "missing_lines": 10, "excluded_lines": 0}, "missing_lines": [96, 99, 104, 105, 112, 113, 116, 117, 119, 123], "excluded_lines": []}, "": {"executed_lines": [1, 3, 5, 6, 7, 8, 9, 11, 14, 15, 17, 28, 74], "summary": {"covered_lines": 11, "num_statements": 11, "percent_covered": 100.0, "percent_covered_display": "100", "missing_lines": 0, "excluded_lines": 0}, "missing_lines": [], "excluded_lines": []}}, "classes": {"AnalysisExecutor": {"executed_lines": [], "summary": {"covered_lines": 0, "num_statements": 27, "percent_covered": 0.0, "percent_covered_display": "0", "missing_lines": 27, "excluded_lines": 0}, "missing_lines": [25, 26, 47, 50, 51, 52, 55, 58, 59, 60, 61, 65, 67, 68, 69, 71, 72, 96, 99, 104, 105, 112, 113, 116, 117, 119, 123], "excluded_lines": []}, "": {"executed_lines": [1, 3, 5, 6, 7, 8, 9, 11, 14, 15, 17, 28, 74], "summary": {"covered_lines": 11, "num_statements": 11, "percent_covered": 100.0, "percent_covered_display": "100", "missing_lines": 0, "excluded_lines": 0}, "missing_lines": [], "excluded_lines": []}}}, "capmaster/plugins/analyze/modules/__init__.py": {"executed_lines": [1, 3, 6, 9, 23, 33, 101], "summary": {"covered_lines": 6, "num_statements": 57, "percent_covered": 10.526315789473685, "percent_covered_display": "11", "missing_lines": 51, "excluded_lines": 0}, "missing_lines": [19, 20, 30, 40, 41, 42, 43, 45, 46, 47, 48, 50, 51, 52, 53, 55, 56, 57, 58, 60, 61, 62, 63, 65, 66, 67, 68, 70, 71, 72, 73, 75, 76, 77, 78, 80, 81, 82, 83, 85, 86, 87, 88, 90, 91, 92, 93, 95, 96, 97, 98], "excluded_lines": [], "functions": {"register_module": {"executed_lines": [], "summary": {"covered_lines": 0, "num_statements": 2, "percent_covered": 0.0, "percent_covered_display": "0", "missing_lines": 2, "excluded_lines": 0}, "missing_lines": [19, 20], "excluded_lines": []}, "get_all_modules": {"executed_lines": [], "summary": {"covered_lines": 0, "num_statements": 1, "percent_covered": 0.0, "percent_covered_display": "0", "missing_lines": 1, "excluded_lines": 0}, "missing_lines": [30], "excluded_lines": []}, "discover_modules": {"executed_lines": [], "summary": {"covered_lines": 0, "num_statements": 48, "percent_covered": 0.0, "percent_covered_display": "0", "missing_lines": 48, "excluded_lines": 0}, "missing_lines": [40, 41, 42, 43, 45, 46, 47, 48, 50, 51, 52, 53, 55, 56, 57, 58, 60, 61, 62, 63, 65, 66, 67, 68, 70, 71, 72, 73, 75, 76, 77, 78, 80, 81, 82, 83, 85, 86, 87, 88, 90, 91, 92, 93, 95, 96, 97, 98], "excluded_lines": []}, "": {"executed_lines": [1, 3, 6, 9, 23, 33, 101], "summary": {"covered_lines": 6, "num_statements": 6, "percent_covered": 100.0, "percent_covered_display": "100", "missing_lines": 0, "excluded_lines": 0}, "missing_lines": [], "excluded_lines": []}}, "classes": {"": {"executed_lines": [1, 3, 6, 9, 23, 33, 101], "summary": {"covered_lines": 6, "num_statements": 57, "percent_covered": 10.526315789473685, "percent_covered_display": "11", "missing_lines": 51, "excluded_lines": 0}, "missing_lines": [19, 20, 30, 40, 41, 42, 43, 45, 46, 47, 48, 50, 51, 52, 53, 55, 56, 57, 58, 60, 61, 62, 63, 65, 66, 67, 68, 70, 71, 72, 73, 75, 76, 77, 78, 80, 81, 82, 83, 85, 86, 87, 88, 90, 91, 92, 93, 95, 96, 97, 98], "excluded_lines": []}}}, "capmaster/plugins/analyze/modules/base.py": {"executed_lines": [1, 3, 4, 7, 8, 10, 11, 12, 21, 22, 23, 32, 33, 42, 43, 55], "summary": {"covered_lines": 14, "num_statements": 21, "percent_covered": 66.66666666666667, "percent_covered_display": "67", "missing_lines": 7, "excluded_lines": 0}, "missing_lines": [19, 30, 40, 53, 65, 67, 69], "excluded_lines": [], "functions": {"AnalysisModule.name": {"executed_lines": [], "summary": {"covered_lines": 0, "num_statements": 1, "percent_covered": 0.0, "percent_covered_display": "0", "missing_lines": 1, "excluded_lines": 0}, "missing_lines": [19], "excluded_lines": []}, "AnalysisModule.output_suffix": {"executed_lines": [], "summary": {"covered_lines": 0, "num_statements": 1, "percent_covered": 0.0, "percent_covered_display": "0", "missing_lines": 1, "excluded_lines": 0}, "missing_lines": [30], "excluded_lines": []}, "AnalysisModule.required_protocols": {"executed_lines": [], "summary": {"covered_lines": 0, "num_statements": 1, "percent_covered": 0.0, "percent_covered_display": "0", "missing_lines": 1, "excluded_lines": 0}, "missing_lines": [40], "excluded_lines": []}, "AnalysisModule.build_tshark_args": {"executed_lines": [], "summary": {"covered_lines": 0, "num_statements": 1, "percent_covered": 0.0, "percent_covered_display": "0", "missing_lines": 1, "excluded_lines": 0}, "missing_lines": [53], "excluded_lines": []}, "AnalysisModule.should_execute": {"executed_lines": [], "summary": {"covered_lines": 0, "num_statements": 3, "percent_covered": 0.0, "percent_covered_display": "0", "missing_lines": 3, "excluded_lines": 0}, "missing_lines": [65, 67, 69], "excluded_lines": []}, "": {"executed_lines": [1, 3, 4, 7, 8, 10, 11, 12, 21, 22, 23, 32, 33, 42, 43, 55], "summary": {"covered_lines": 14, "num_statements": 14, "percent_covered": 100.0, "percent_covered_display": "100", "missing_lines": 0, "excluded_lines": 0}, "missing_lines": [], "excluded_lines": []}}, "classes": {"AnalysisModule": {"executed_lines": [], "summary": {"covered_lines": 0, "num_statements": 7, "percent_covered": 0.0, "percent_covered_display": "0", "missing_lines": 7, "excluded_lines": 0}, "missing_lines": [19, 30, 40, 53, 65, 67, 69], "excluded_lines": []}, "": {"executed_lines": [1, 3, 4, 7, 8, 10, 11, 12, 21, 22, 23, 32, 33, 42, 43, 55], "summary": {"covered_lines": 14, "num_statements": 14, "percent_covered": 100.0, "percent_covered_display": "100", "missing_lines": 0, "excluded_lines": 0}, "missing_lines": [], "excluded_lines": []}}}, "capmaster/plugins/analyze/modules/dns_stats.py": {"executed_lines": [], "summary": {"covered_lines": 0, "num_statements": 16, "percent_covered": 0.0, "percent_covered_display": "0", "missing_lines": 16, "excluded_lines": 0}, "missing_lines": [3, 5, 6, 9, 10, 13, 14, 16, 18, 19, 21, 23, 24, 26, 28, 38], "excluded_lines": [], "functions": {"DnsStatsModule.name": {"executed_lines": [], "summary": {"covered_lines": 0, "num_statements": 1, "percent_covered": 0.0, "percent_covered_display": "0", "missing_lines": 1, "excluded_lines": 0}, "missing_lines": [16], "excluded_lines": []}, "DnsStatsModule.output_suffix": {"executed_lines": [], "summary": {"covered_lines": 0, "num_statements": 1, "percent_covered": 0.0, "percent_covered_display": "0", "missing_lines": 1, "excluded_lines": 0}, "missing_lines": [21], "excluded_lines": []}, "DnsStatsModule.required_protocols": {"executed_lines": [], "summary": {"covered_lines": 0, "num_statements": 1, "percent_covered": 0.0, "percent_covered_display": "0", "missing_lines": 1, "excluded_lines": 0}, "missing_lines": [26], "excluded_lines": []}, "DnsStatsModule.build_tshark_args": {"executed_lines": [], "summary": {"covered_lines": 0, "num_statements": 1, "percent_covered": 0.0, "percent_covered_display": "0", "missing_lines": 1, "excluded_lines": 0}, "missing_lines": [38], "excluded_lines": []}, "": {"executed_lines": [], "summary": {"covered_lines": 0, "num_statements": 12, "percent_covered": 0.0, "percent_covered_display": "0", "missing_lines": 12, "excluded_lines": 0}, "missing_lines": [3, 5, 6, 9, 10, 13, 14, 18, 19, 23, 24, 28], "excluded_lines": []}}, "classes": {"DnsStatsModule": {"executed_lines": [], "summary": {"covered_lines": 0, "num_statements": 4, "percent_covered": 0.0, "percent_covered_display": "0", "missing_lines": 4, "excluded_lines": 0}, "missing_lines": [16, 21, 26, 38], "excluded_lines": []}, "": {"executed_lines": [], "summary": {"covered_lines": 0, "num_statements": 12, "percent_covered": 0.0, "percent_covered_display": "0", "missing_lines": 12, "excluded_lines": 0}, "missing_lines": [3, 5, 6, 9, 10, 13, 14, 18, 19, 23, 24, 28], "excluded_lines": []}}}, "capmaster/plugins/analyze/modules/ftp_stats.py": {"executed_lines": [], "summary": {"covered_lines": 0, "num_statements": 16, "percent_covered": 0.0, "percent_covered_display": "0", "missing_lines": 16, "excluded_lines": 0}, "missing_lines": [3, 5, 6, 9, 10, 13, 14, 16, 18, 19, 21, 23, 24, 26, 28, 38], "excluded_lines": [], "functions": {"FtpStatsModule.name": {"executed_lines": [], "summary": {"covered_lines": 0, "num_statements": 1, "percent_covered": 0.0, "percent_covered_display": "0", "missing_lines": 1, "excluded_lines": 0}, "missing_lines": [16], "excluded_lines": []}, "FtpStatsModule.output_suffix": {"executed_lines": [], "summary": {"covered_lines": 0, "num_statements": 1, "percent_covered": 0.0, "percent_covered_display": "0", "missing_lines": 1, "excluded_lines": 0}, "missing_lines": [21], "excluded_lines": []}, "FtpStatsModule.required_protocols": {"executed_lines": [], "summary": {"covered_lines": 0, "num_statements": 1, "percent_covered": 0.0, "percent_covered_display": "0", "missing_lines": 1, "excluded_lines": 0}, "missing_lines": [26], "excluded_lines": []}, "FtpStatsModule.build_tshark_args": {"executed_lines": [], "summary": {"covered_lines": 0, "num_statements": 1, "percent_covered": 0.0, "percent_covered_display": "0", "missing_lines": 1, "excluded_lines": 0}, "missing_lines": [38], "excluded_lines": []}, "": {"executed_lines": [], "summary": {"covered_lines": 0, "num_statements": 12, "percent_covered": 0.0, "percent_covered_display": "0", "missing_lines": 12, "excluded_lines": 0}, "missing_lines": [3, 5, 6, 9, 10, 13, 14, 18, 19, 23, 24, 28], "excluded_lines": []}}, "classes": {"FtpStatsModule": {"executed_lines": [], "summary": {"covered_lines": 0, "num_statements": 4, "percent_covered": 0.0, "percent_covered_display": "0", "missing_lines": 4, "excluded_lines": 0}, "missing_lines": [16, 21, 26, 38], "excluded_lines": []}, "": {"executed_lines": [], "summary": {"covered_lines": 0, "num_statements": 12, "percent_covered": 0.0, "percent_covered_display": "0", "missing_lines": 12, "excluded_lines": 0}, "missing_lines": [3, 5, 6, 9, 10, 13, 14, 18, 19, 23, 24, 28], "excluded_lines": []}}}, "capmaster/plugins/analyze/modules/http_stats.py": {"executed_lines": [], "summary": {"covered_lines": 0, "num_statements": 16, "percent_covered": 0.0, "percent_covered_display": "0", "missing_lines": 16, "excluded_lines": 0}, "missing_lines": [3, 5, 6, 9, 10, 13, 14, 16, 18, 19, 21, 23, 24, 26, 28, 38], "excluded_lines": [], "functions": {"HttpStatsModule.name": {"executed_lines": [], "summary": {"covered_lines": 0, "num_statements": 1, "percent_covered": 0.0, "percent_covered_display": "0", "missing_lines": 1, "excluded_lines": 0}, "missing_lines": [16], "excluded_lines": []}, "HttpStatsModule.output_suffix": {"executed_lines": [], "summary": {"covered_lines": 0, "num_statements": 1, "percent_covered": 0.0, "percent_covered_display": "0", "missing_lines": 1, "excluded_lines": 0}, "missing_lines": [21], "excluded_lines": []}, "HttpStatsModule.required_protocols": {"executed_lines": [], "summary": {"covered_lines": 0, "num_statements": 1, "percent_covered": 0.0, "percent_covered_display": "0", "missing_lines": 1, "excluded_lines": 0}, "missing_lines": [26], "excluded_lines": []}, "HttpStatsModule.build_tshark_args": {"executed_lines": [], "summary": {"covered_lines": 0, "num_statements": 1, "percent_covered": 0.0, "percent_covered_display": "0", "missing_lines": 1, "excluded_lines": 0}, "missing_lines": [38], "excluded_lines": []}, "": {"executed_lines": [], "summary": {"covered_lines": 0, "num_statements": 12, "percent_covered": 0.0, "percent_covered_display": "0", "missing_lines": 12, "excluded_lines": 0}, "missing_lines": [3, 5, 6, 9, 10, 13, 14, 18, 19, 23, 24, 28], "excluded_lines": []}}, "classes": {"HttpStatsModule": {"executed_lines": [], "summary": {"covered_lines": 0, "num_statements": 4, "percent_covered": 0.0, "percent_covered_display": "0", "missing_lines": 4, "excluded_lines": 0}, "missing_lines": [16, 21, 26, 38], "excluded_lines": []}, "": {"executed_lines": [], "summary": {"covered_lines": 0, "num_statements": 12, "percent_covered": 0.0, "percent_covered_display": "0", "missing_lines": 12, "excluded_lines": 0}, "missing_lines": [3, 5, 6, 9, 10, 13, 14, 18, 19, 23, 24, 28], "excluded_lines": []}}}, "capmaster/plugins/analyze/modules/icmp_stats.py": {"executed_lines": [], "summary": {"covered_lines": 0, "num_statements": 16, "percent_covered": 0.0, "percent_covered_display": "0", "missing_lines": 16, "excluded_lines": 0}, "missing_lines": [3, 5, 6, 9, 10, 13, 14, 16, 18, 19, 21, 23, 24, 26, 28, 38], "excluded_lines": [], "functions": {"IcmpStatsModule.name": {"executed_lines": [], "summary": {"covered_lines": 0, "num_statements": 1, "percent_covered": 0.0, "percent_covered_display": "0", "missing_lines": 1, "excluded_lines": 0}, "missing_lines": [16], "excluded_lines": []}, "IcmpStatsModule.output_suffix": {"executed_lines": [], "summary": {"covered_lines": 0, "num_statements": 1, "percent_covered": 0.0, "percent_covered_display": "0", "missing_lines": 1, "excluded_lines": 0}, "missing_lines": [21], "excluded_lines": []}, "IcmpStatsModule.required_protocols": {"executed_lines": [], "summary": {"covered_lines": 0, "num_statements": 1, "percent_covered": 0.0, "percent_covered_display": "0", "missing_lines": 1, "excluded_lines": 0}, "missing_lines": [26], "excluded_lines": []}, "IcmpStatsModule.build_tshark_args": {"executed_lines": [], "summary": {"covered_lines": 0, "num_statements": 1, "percent_covered": 0.0, "percent_covered_display": "0", "missing_lines": 1, "excluded_lines": 0}, "missing_lines": [38], "excluded_lines": []}, "": {"executed_lines": [], "summary": {"covered_lines": 0, "num_statements": 12, "percent_covered": 0.0, "percent_covered_display": "0", "missing_lines": 12, "excluded_lines": 0}, "missing_lines": [3, 5, 6, 9, 10, 13, 14, 18, 19, 23, 24, 28], "excluded_lines": []}}, "classes": {"IcmpStatsModule": {"executed_lines": [], "summary": {"covered_lines": 0, "num_statements": 4, "percent_covered": 0.0, "percent_covered_display": "0", "missing_lines": 4, "excluded_lines": 0}, "missing_lines": [16, 21, 26, 38], "excluded_lines": []}, "": {"executed_lines": [], "summary": {"covered_lines": 0, "num_statements": 12, "percent_covered": 0.0, "percent_covered_display": "0", "missing_lines": 12, "excluded_lines": 0}, "missing_lines": [3, 5, 6, 9, 10, 13, 14, 18, 19, 23, 24, 28], "excluded_lines": []}}}, "capmaster/plugins/analyze/modules/ipv4_hosts.py": {"executed_lines": [], "summary": {"covered_lines": 0, "num_statements": 16, "percent_covered": 0.0, "percent_covered_display": "0", "missing_lines": 16, "excluded_lines": 0}, "missing_lines": [3, 5, 6, 9, 10, 13, 14, 16, 18, 19, 21, 23, 24, 26, 28, 38], "excluded_lines": [], "functions": {"Ipv4HostsModule.name": {"executed_lines": [], "summary": {"covered_lines": 0, "num_statements": 1, "percent_covered": 0.0, "percent_covered_display": "0", "missing_lines": 1, "excluded_lines": 0}, "missing_lines": [16], "excluded_lines": []}, "Ipv4HostsModule.output_suffix": {"executed_lines": [], "summary": {"covered_lines": 0, "num_statements": 1, "percent_covered": 0.0, "percent_covered_display": "0", "missing_lines": 1, "excluded_lines": 0}, "missing_lines": [21], "excluded_lines": []}, "Ipv4HostsModule.required_protocols": {"executed_lines": [], "summary": {"covered_lines": 0, "num_statements": 1, "percent_covered": 0.0, "percent_covered_display": "0", "missing_lines": 1, "excluded_lines": 0}, "missing_lines": [26], "excluded_lines": []}, "Ipv4HostsModule.build_tshark_args": {"executed_lines": [], "summary": {"covered_lines": 0, "num_statements": 1, "percent_covered": 0.0, "percent_covered_display": "0", "missing_lines": 1, "excluded_lines": 0}, "missing_lines": [38], "excluded_lines": []}, "": {"executed_lines": [], "summary": {"covered_lines": 0, "num_statements": 12, "percent_covered": 0.0, "percent_covered_display": "0", "missing_lines": 12, "excluded_lines": 0}, "missing_lines": [3, 5, 6, 9, 10, 13, 14, 18, 19, 23, 24, 28], "excluded_lines": []}}, "classes": {"Ipv4HostsModule": {"executed_lines": [], "summary": {"covered_lines": 0, "num_statements": 4, "percent_covered": 0.0, "percent_covered_display": "0", "missing_lines": 4, "excluded_lines": 0}, "missing_lines": [16, 21, 26, 38], "excluded_lines": []}, "": {"executed_lines": [], "summary": {"covered_lines": 0, "num_statements": 12, "percent_covered": 0.0, "percent_covered_display": "0", "missing_lines": 12, "excluded_lines": 0}, "missing_lines": [3, 5, 6, 9, 10, 13, 14, 18, 19, 23, 24, 28], "excluded_lines": []}}}, "capmaster/plugins/analyze/modules/protocol_hierarchy.py": {"executed_lines": [], "summary": {"covered_lines": 0, "num_statements": 16, "percent_covered": 0.0, "percent_covered_display": "0", "missing_lines": 16, "excluded_lines": 0}, "missing_lines": [3, 5, 6, 9, 10, 13, 14, 16, 18, 19, 21, 23, 24, 26, 28, 38], "excluded_lines": [], "functions": {"ProtocolHierarchyModule.name": {"executed_lines": [], "summary": {"covered_lines": 0, "num_statements": 1, "percent_covered": 0.0, "percent_covered_display": "0", "missing_lines": 1, "excluded_lines": 0}, "missing_lines": [16], "excluded_lines": []}, "ProtocolHierarchyModule.output_suffix": {"executed_lines": [], "summary": {"covered_lines": 0, "num_statements": 1, "percent_covered": 0.0, "percent_covered_display": "0", "missing_lines": 1, "excluded_lines": 0}, "missing_lines": [21], "excluded_lines": []}, "ProtocolHierarchyModule.required_protocols": {"executed_lines": [], "summary": {"covered_lines": 0, "num_statements": 1, "percent_covered": 0.0, "percent_covered_display": "0", "missing_lines": 1, "excluded_lines": 0}, "missing_lines": [26], "excluded_lines": []}, "ProtocolHierarchyModule.build_tshark_args": {"executed_lines": [], "summary": {"covered_lines": 0, "num_statements": 1, "percent_covered": 0.0, "percent_covered_display": "0", "missing_lines": 1, "excluded_lines": 0}, "missing_lines": [38], "excluded_lines": []}, "": {"executed_lines": [], "summary": {"covered_lines": 0, "num_statements": 12, "percent_covered": 0.0, "percent_covered_display": "0", "missing_lines": 12, "excluded_lines": 0}, "missing_lines": [3, 5, 6, 9, 10, 13, 14, 18, 19, 23, 24, 28], "excluded_lines": []}}, "classes": {"ProtocolHierarchyModule": {"executed_lines": [], "summary": {"covered_lines": 0, "num_statements": 4, "percent_covered": 0.0, "percent_covered_display": "0", "missing_lines": 4, "excluded_lines": 0}, "missing_lines": [16, 21, 26, 38], "excluded_lines": []}, "": {"executed_lines": [], "summary": {"covered_lines": 0, "num_statements": 12, "percent_covered": 0.0, "percent_covered_display": "0", "missing_lines": 12, "excluded_lines": 0}, "missing_lines": [3, 5, 6, 9, 10, 13, 14, 18, 19, 23, 24, 28], "excluded_lines": []}}}, "capmaster/plugins/analyze/modules/tcp_completeness.py": {"executed_lines": [], "summary": {"covered_lines": 0, "num_statements": 16, "percent_covered": 0.0, "percent_covered_display": "0", "missing_lines": 16, "excluded_lines": 0}, "missing_lines": [3, 5, 6, 9, 10, 13, 14, 16, 18, 19, 21, 23, 24, 26, 28, 41], "excluded_lines": [], "functions": {"TcpCompletenessModule.name": {"executed_lines": [], "summary": {"covered_lines": 0, "num_statements": 1, "percent_covered": 0.0, "percent_covered_display": "0", "missing_lines": 1, "excluded_lines": 0}, "missing_lines": [16], "excluded_lines": []}, "TcpCompletenessModule.output_suffix": {"executed_lines": [], "summary": {"covered_lines": 0, "num_statements": 1, "percent_covered": 0.0, "percent_covered_display": "0", "missing_lines": 1, "excluded_lines": 0}, "missing_lines": [21], "excluded_lines": []}, "TcpCompletenessModule.required_protocols": {"executed_lines": [], "summary": {"covered_lines": 0, "num_statements": 1, "percent_covered": 0.0, "percent_covered_display": "0", "missing_lines": 1, "excluded_lines": 0}, "missing_lines": [26], "excluded_lines": []}, "TcpCompletenessModule.build_tshark_args": {"executed_lines": [], "summary": {"covered_lines": 0, "num_statements": 1, "percent_covered": 0.0, "percent_covered_display": "0", "missing_lines": 1, "excluded_lines": 0}, "missing_lines": [41], "excluded_lines": []}, "": {"executed_lines": [], "summary": {"covered_lines": 0, "num_statements": 12, "percent_covered": 0.0, "percent_covered_display": "0", "missing_lines": 12, "excluded_lines": 0}, "missing_lines": [3, 5, 6, 9, 10, 13, 14, 18, 19, 23, 24, 28], "excluded_lines": []}}, "classes": {"TcpCompletenessModule": {"executed_lines": [], "summary": {"covered_lines": 0, "num_statements": 4, "percent_covered": 0.0, "percent_covered_display": "0", "missing_lines": 4, "excluded_lines": 0}, "missing_lines": [16, 21, 26, 41], "excluded_lines": []}, "": {"executed_lines": [], "summary": {"covered_lines": 0, "num_statements": 12, "percent_covered": 0.0, "percent_covered_display": "0", "missing_lines": 12, "excluded_lines": 0}, "missing_lines": [3, 5, 6, 9, 10, 13, 14, 18, 19, 23, 24, 28], "excluded_lines": []}}}, "capmaster/plugins/analyze/modules/tcp_conversations.py": {"executed_lines": [], "summary": {"covered_lines": 0, "num_statements": 16, "percent_covered": 0.0, "percent_covered_display": "0", "missing_lines": 16, "excluded_lines": 0}, "missing_lines": [3, 5, 6, 9, 10, 13, 14, 16, 18, 19, 21, 23, 24, 26, 28, 38], "excluded_lines": [], "functions": {"TcpConversationsModule.name": {"executed_lines": [], "summary": {"covered_lines": 0, "num_statements": 1, "percent_covered": 0.0, "percent_covered_display": "0", "missing_lines": 1, "excluded_lines": 0}, "missing_lines": [16], "excluded_lines": []}, "TcpConversationsModule.output_suffix": {"executed_lines": [], "summary": {"covered_lines": 0, "num_statements": 1, "percent_covered": 0.0, "percent_covered_display": "0", "missing_lines": 1, "excluded_lines": 0}, "missing_lines": [21], "excluded_lines": []}, "TcpConversationsModule.required_protocols": {"executed_lines": [], "summary": {"covered_lines": 0, "num_statements": 1, "percent_covered": 0.0, "percent_covered_display": "0", "missing_lines": 1, "excluded_lines": 0}, "missing_lines": [26], "excluded_lines": []}, "TcpConversationsModule.build_tshark_args": {"executed_lines": [], "summary": {"covered_lines": 0, "num_statements": 1, "percent_covered": 0.0, "percent_covered_display": "0", "missing_lines": 1, "excluded_lines": 0}, "missing_lines": [38], "excluded_lines": []}, "": {"executed_lines": [], "summary": {"covered_lines": 0, "num_statements": 12, "percent_covered": 0.0, "percent_covered_display": "0", "missing_lines": 12, "excluded_lines": 0}, "missing_lines": [3, 5, 6, 9, 10, 13, 14, 18, 19, 23, 24, 28], "excluded_lines": []}}, "classes": {"TcpConversationsModule": {"executed_lines": [], "summary": {"covered_lines": 0, "num_statements": 4, "percent_covered": 0.0, "percent_covered_display": "0", "missing_lines": 4, "excluded_lines": 0}, "missing_lines": [16, 21, 26, 38], "excluded_lines": []}, "": {"executed_lines": [], "summary": {"covered_lines": 0, "num_statements": 12, "percent_covered": 0.0, "percent_covered_display": "0", "missing_lines": 12, "excluded_lines": 0}, "missing_lines": [3, 5, 6, 9, 10, 13, 14, 18, 19, 23, 24, 28], "excluded_lines": []}}}, "capmaster/plugins/analyze/modules/tcp_duration.py": {"executed_lines": [], "summary": {"covered_lines": 0, "num_statements": 16, "percent_covered": 0.0, "percent_covered_display": "0", "missing_lines": 16, "excluded_lines": 0}, "missing_lines": [3, 5, 6, 9, 10, 13, 14, 16, 18, 19, 21, 23, 24, 26, 28, 38], "excluded_lines": [], "functions": {"TcpDurationModule.name": {"executed_lines": [], "summary": {"covered_lines": 0, "num_statements": 1, "percent_covered": 0.0, "percent_covered_display": "0", "missing_lines": 1, "excluded_lines": 0}, "missing_lines": [16], "excluded_lines": []}, "TcpDurationModule.output_suffix": {"executed_lines": [], "summary": {"covered_lines": 0, "num_statements": 1, "percent_covered": 0.0, "percent_covered_display": "0", "missing_lines": 1, "excluded_lines": 0}, "missing_lines": [21], "excluded_lines": []}, "TcpDurationModule.required_protocols": {"executed_lines": [], "summary": {"covered_lines": 0, "num_statements": 1, "percent_covered": 0.0, "percent_covered_display": "0", "missing_lines": 1, "excluded_lines": 0}, "missing_lines": [26], "excluded_lines": []}, "TcpDurationModule.build_tshark_args": {"executed_lines": [], "summary": {"covered_lines": 0, "num_statements": 1, "percent_covered": 0.0, "percent_covered_display": "0", "missing_lines": 1, "excluded_lines": 0}, "missing_lines": [38], "excluded_lines": []}, "": {"executed_lines": [], "summary": {"covered_lines": 0, "num_statements": 12, "percent_covered": 0.0, "percent_covered_display": "0", "missing_lines": 12, "excluded_lines": 0}, "missing_lines": [3, 5, 6, 9, 10, 13, 14, 18, 19, 23, 24, 28], "excluded_lines": []}}, "classes": {"TcpDurationModule": {"executed_lines": [], "summary": {"covered_lines": 0, "num_statements": 4, "percent_covered": 0.0, "percent_covered_display": "0", "missing_lines": 4, "excluded_lines": 0}, "missing_lines": [16, 21, 26, 38], "excluded_lines": []}, "": {"executed_lines": [], "summary": {"covered_lines": 0, "num_statements": 12, "percent_covered": 0.0, "percent_covered_display": "0", "missing_lines": 12, "excluded_lines": 0}, "missing_lines": [3, 5, 6, 9, 10, 13, 14, 18, 19, 23, 24, 28], "excluded_lines": []}}}, "capmaster/plugins/analyze/modules/tcp_zero_window.py": {"executed_lines": [], "summary": {"covered_lines": 0, "num_statements": 16, "percent_covered": 0.0, "percent_covered_display": "0", "missing_lines": 16, "excluded_lines": 0}, "missing_lines": [3, 5, 6, 9, 10, 13, 14, 16, 18, 19, 21, 23, 24, 26, 28, 38], "excluded_lines": [], "functions": {"TcpZeroWindowModule.name": {"executed_lines": [], "summary": {"covered_lines": 0, "num_statements": 1, "percent_covered": 0.0, "percent_covered_display": "0", "missing_lines": 1, "excluded_lines": 0}, "missing_lines": [16], "excluded_lines": []}, "TcpZeroWindowModule.output_suffix": {"executed_lines": [], "summary": {"covered_lines": 0, "num_statements": 1, "percent_covered": 0.0, "percent_covered_display": "0", "missing_lines": 1, "excluded_lines": 0}, "missing_lines": [21], "excluded_lines": []}, "TcpZeroWindowModule.required_protocols": {"executed_lines": [], "summary": {"covered_lines": 0, "num_statements": 1, "percent_covered": 0.0, "percent_covered_display": "0", "missing_lines": 1, "excluded_lines": 0}, "missing_lines": [26], "excluded_lines": []}, "TcpZeroWindowModule.build_tshark_args": {"executed_lines": [], "summary": {"covered_lines": 0, "num_statements": 1, "percent_covered": 0.0, "percent_covered_display": "0", "missing_lines": 1, "excluded_lines": 0}, "missing_lines": [38], "excluded_lines": []}, "": {"executed_lines": [], "summary": {"covered_lines": 0, "num_statements": 12, "percent_covered": 0.0, "percent_covered_display": "0", "missing_lines": 12, "excluded_lines": 0}, "missing_lines": [3, 5, 6, 9, 10, 13, 14, 18, 19, 23, 24, 28], "excluded_lines": []}}, "classes": {"TcpZeroWindowModule": {"executed_lines": [], "summary": {"covered_lines": 0, "num_statements": 4, "percent_covered": 0.0, "percent_covered_display": "0", "missing_lines": 4, "excluded_lines": 0}, "missing_lines": [16, 21, 26, 38], "excluded_lines": []}, "": {"executed_lines": [], "summary": {"covered_lines": 0, "num_statements": 12, "percent_covered": 0.0, "percent_covered_display": "0", "missing_lines": 12, "excluded_lines": 0}, "missing_lines": [3, 5, 6, 9, 10, 13, 14, 18, 19, 23, 24, 28], "excluded_lines": []}}}, "capmaster/plugins/analyze/modules/tls_stats.py": {"executed_lines": [], "summary": {"covered_lines": 0, "num_statements": 16, "percent_covered": 0.0, "percent_covered_display": "0", "missing_lines": 16, "excluded_lines": 0}, "missing_lines": [3, 5, 6, 9, 10, 13, 14, 16, 18, 19, 21, 23, 24, 26, 28, 38], "excluded_lines": [], "functions": {"TlsStatsModule.name": {"executed_lines": [], "summary": {"covered_lines": 0, "num_statements": 1, "percent_covered": 0.0, "percent_covered_display": "0", "missing_lines": 1, "excluded_lines": 0}, "missing_lines": [16], "excluded_lines": []}, "TlsStatsModule.output_suffix": {"executed_lines": [], "summary": {"covered_lines": 0, "num_statements": 1, "percent_covered": 0.0, "percent_covered_display": "0", "missing_lines": 1, "excluded_lines": 0}, "missing_lines": [21], "excluded_lines": []}, "TlsStatsModule.required_protocols": {"executed_lines": [], "summary": {"covered_lines": 0, "num_statements": 1, "percent_covered": 0.0, "percent_covered_display": "0", "missing_lines": 1, "excluded_lines": 0}, "missing_lines": [26], "excluded_lines": []}, "TlsStatsModule.build_tshark_args": {"executed_lines": [], "summary": {"covered_lines": 0, "num_statements": 1, "percent_covered": 0.0, "percent_covered_display": "0", "missing_lines": 1, "excluded_lines": 0}, "missing_lines": [38], "excluded_lines": []}, "": {"executed_lines": [], "summary": {"covered_lines": 0, "num_statements": 12, "percent_covered": 0.0, "percent_covered_display": "0", "missing_lines": 12, "excluded_lines": 0}, "missing_lines": [3, 5, 6, 9, 10, 13, 14, 18, 19, 23, 24, 28], "excluded_lines": []}}, "classes": {"TlsStatsModule": {"executed_lines": [], "summary": {"covered_lines": 0, "num_statements": 4, "percent_covered": 0.0, "percent_covered_display": "0", "missing_lines": 4, "excluded_lines": 0}, "missing_lines": [16, 21, 26, 38], "excluded_lines": []}, "": {"executed_lines": [], "summary": {"covered_lines": 0, "num_statements": 12, "percent_covered": 0.0, "percent_covered_display": "0", "missing_lines": 12, "excluded_lines": 0}, "missing_lines": [3, 5, 6, 9, 10, 13, 14, 18, 19, 23, 24, 28], "excluded_lines": []}}}, "capmaster/plugins/analyze/modules/udp_conversations.py": {"executed_lines": [], "summary": {"covered_lines": 0, "num_statements": 16, "percent_covered": 0.0, "percent_covered_display": "0", "missing_lines": 16, "excluded_lines": 0}, "missing_lines": [3, 5, 6, 9, 10, 13, 14, 16, 18, 19, 21, 23, 24, 26, 28, 38], "excluded_lines": [], "functions": {"UdpConversationsModule.name": {"executed_lines": [], "summary": {"covered_lines": 0, "num_statements": 1, "percent_covered": 0.0, "percent_covered_display": "0", "missing_lines": 1, "excluded_lines": 0}, "missing_lines": [16], "excluded_lines": []}, "UdpConversationsModule.output_suffix": {"executed_lines": [], "summary": {"covered_lines": 0, "num_statements": 1, "percent_covered": 0.0, "percent_covered_display": "0", "missing_lines": 1, "excluded_lines": 0}, "missing_lines": [21], "excluded_lines": []}, "UdpConversationsModule.required_protocols": {"executed_lines": [], "summary": {"covered_lines": 0, "num_statements": 1, "percent_covered": 0.0, "percent_covered_display": "0", "missing_lines": 1, "excluded_lines": 0}, "missing_lines": [26], "excluded_lines": []}, "UdpConversationsModule.build_tshark_args": {"executed_lines": [], "summary": {"covered_lines": 0, "num_statements": 1, "percent_covered": 0.0, "percent_covered_display": "0", "missing_lines": 1, "excluded_lines": 0}, "missing_lines": [38], "excluded_lines": []}, "": {"executed_lines": [], "summary": {"covered_lines": 0, "num_statements": 12, "percent_covered": 0.0, "percent_covered_display": "0", "missing_lines": 12, "excluded_lines": 0}, "missing_lines": [3, 5, 6, 9, 10, 13, 14, 18, 19, 23, 24, 28], "excluded_lines": []}}, "classes": {"UdpConversationsModule": {"executed_lines": [], "summary": {"covered_lines": 0, "num_statements": 4, "percent_covered": 0.0, "percent_covered_display": "0", "missing_lines": 4, "excluded_lines": 0}, "missing_lines": [16, 21, 26, 38], "excluded_lines": []}, "": {"executed_lines": [], "summary": {"covered_lines": 0, "num_statements": 12, "percent_covered": 0.0, "percent_covered_display": "0", "missing_lines": 12, "excluded_lines": 0}, "missing_lines": [3, 5, 6, 9, 10, 13, 14, 18, 19, 23, 24, 28], "excluded_lines": []}}}, "capmaster/plugins/analyze/plugin.py": {"executed_lines": [1, 3, 5, 7, 8, 9, 10, 11, 12, 13, 14, 16, 19, 20, 22, 23, 25, 27, 35, 36, 44, 51, 57, 58, 72], "summary": {"covered_lines": 23, "num_statements": 66, "percent_covered": 34.84848484848485, "percent_covered_display": "35", "missing_lines": 43, "excluded_lines": 0}, "missing_lines": [65, 70, 86, 87, 88, 90, 91, 92, 94, 95, 96, 98, 99, 101, 103, 104, 105, 108, 109, 110, 112, 113, 114, 116, 119, 121, 122, 123, 125, 128, 129, 131, 132, 135, 142, 145, 146, 147, 149, 150, 152, 153, 154], "excluded_lines": [], "functions": {"AnalyzePlugin.name": {"executed_lines": [25], "summary": {"covered_lines": 1, "num_statements": 1, "percent_covered": 100.0, "percent_covered_display": "100", "missing_lines": 0, "excluded_lines": 0}, "missing_lines": [], "excluded_lines": []}, "AnalyzePlugin.setup_cli": {"executed_lines": [35, 36, 44, 51, 57, 58], "summary": {"covered_lines": 6, "num_statements": 6, "percent_covered": 100.0, "percent_covered_display": "100", "missing_lines": 0, "excluded_lines": 0}, "missing_lines": [], "excluded_lines": []}, "AnalyzePlugin.setup_cli.analyze_command": {"executed_lines": [], "summary": {"covered_lines": 0, "num_statements": 2, "percent_covered": 0.0, "percent_covered_display": "0", "missing_lines": 2, "excluded_lines": 0}, "missing_lines": [65, 70], "excluded_lines": []}, "AnalyzePlugin.execute": {"executed_lines": [], "summary": {"covered_lines": 0, "num_statements": 41, "percent_covered": 0.0, "percent_covered_display": "0", "missing_lines": 41, "excluded_lines": 0}, "missing_lines": [86, 87, 88, 90, 91, 92, 94, 95, 96, 98, 99, 101, 103, 104, 105, 108, 109, 110, 112, 113, 114, 116, 119, 121, 122, 123, 125, 128, 129, 131, 132, 135, 142, 145, 146, 147, 149, 150, 152, 153, 154], "excluded_lines": []}, "": {"executed_lines": [1, 3, 5, 7, 8, 9, 10, 11, 12, 13, 14, 16, 19, 20, 22, 23, 27, 72], "summary": {"covered_lines": 16, "num_statements": 16, "percent_covered": 100.0, "percent_covered_display": "100", "missing_lines": 0, "excluded_lines": 0}, "missing_lines": [], "excluded_lines": []}}, "classes": {"AnalyzePlugin": {"executed_lines": [25, 35, 36, 44, 51, 57, 58], "summary": {"covered_lines": 7, "num_statements": 50, "percent_covered": 14.0, "percent_covered_display": "14", "missing_lines": 43, "excluded_lines": 0}, "missing_lines": [65, 70, 86, 87, 88, 90, 91, 92, 94, 95, 96, 98, 99, 101, 103, 104, 105, 108, 109, 110, 112, 113, 114, 116, 119, 121, 122, 123, 125, 128, 129, 131, 132, 135, 142, 145, 146, 147, 149, 150, 152, 153, 154], "excluded_lines": []}, "": {"executed_lines": [1, 3, 5, 7, 8, 9, 10, 11, 12, 13, 14, 16, 19, 20, 22, 23, 27, 72], "summary": {"covered_lines": 16, "num_statements": 16, "percent_covered": 100.0, "percent_covered_display": "100", "missing_lines": 0, "excluded_lines": 0}, "missing_lines": [], "excluded_lines": []}}}, "capmaster/plugins/base.py": {"executed_lines": [1, 3, 5, 8, 9, 11, 12, 13, 22, 23, 32, 33], "summary": {"covered_lines": 10, "num_statements": 13, "percent_covered": 76.92307692307692, "percent_covered_display": "77", "missing_lines": 3, "excluded_lines": 0}, "missing_lines": [20, 30, 43], "excluded_lines": [], "functions": {"PluginBase.name": {"executed_lines": [], "summary": {"covered_lines": 0, "num_statements": 1, "percent_covered": 0.0, "percent_covered_display": "0", "missing_lines": 1, "excluded_lines": 0}, "missing_lines": [20], "excluded_lines": []}, "PluginBase.setup_cli": {"executed_lines": [], "summary": {"covered_lines": 0, "num_statements": 1, "percent_covered": 0.0, "percent_covered_display": "0", "missing_lines": 1, "excluded_lines": 0}, "missing_lines": [30], "excluded_lines": []}, "PluginBase.execute": {"executed_lines": [], "summary": {"covered_lines": 0, "num_statements": 1, "percent_covered": 0.0, "percent_covered_display": "0", "missing_lines": 1, "excluded_lines": 0}, "missing_lines": [43], "excluded_lines": []}, "": {"executed_lines": [1, 3, 5, 8, 9, 11, 12, 13, 22, 23, 32, 33], "summary": {"covered_lines": 10, "num_statements": 10, "percent_covered": 100.0, "percent_covered_display": "100", "missing_lines": 0, "excluded_lines": 0}, "missing_lines": [], "excluded_lines": []}}, "classes": {"PluginBase": {"executed_lines": [], "summary": {"covered_lines": 0, "num_statements": 3, "percent_covered": 0.0, "percent_covered_display": "0", "missing_lines": 3, "excluded_lines": 0}, "missing_lines": [20, 30, 43], "excluded_lines": []}, "": {"executed_lines": [1, 3, 5, 8, 9, 11, 12, 13, 22, 23, 32, 33], "summary": {"covered_lines": 10, "num_statements": 10, "percent_covered": 100.0, "percent_covered_display": "100", "missing_lines": 0, "excluded_lines": 0}, "missing_lines": [], "excluded_lines": []}}}, "capmaster/plugins/filter/__init__.py": {"executed_lines": [1, 3, 9, 11], "summary": {"covered_lines": 3, "num_statements": 3, "percent_covered": 100.0, "percent_covered_display": "100", "missing_lines": 0, "excluded_lines": 0}, "missing_lines": [], "excluded_lines": [], "functions": {"": {"executed_lines": [1, 3, 9, 11], "summary": {"covered_lines": 3, "num_statements": 3, "percent_covered": 100.0, "percent_covered_display": "100", "missing_lines": 0, "excluded_lines": 0}, "missing_lines": [], "excluded_lines": []}}, "classes": {"": {"executed_lines": [1, 3, 9, 11], "summary": {"covered_lines": 3, "num_statements": 3, "percent_covered": 100.0, "percent_covered_display": "100", "missing_lines": 0, "excluded_lines": 0}, "missing_lines": [], "excluded_lines": []}}}, "capmaster/plugins/filter/detector.py": {"executed_lines": [1, 8, 9, 11, 13, 17, 20, 21, 22, 24, 25, 27, 28, 30, 31, 33, 34, 36, 37, 39, 40, 42, 43, 46, 47, 48, 50, 51, 53, 54, 56, 57, 59, 60, 62, 63, 66, 67, 68, 70, 71, 73, 74, 76, 77, 79, 80, 82, 83, 86, 87, 97, 104, 105, 106, 108, 116, 119, 120, 121, 124, 125, 127, 128, 131, 132, 133, 134, 137, 138, 139, 141, 143, 150, 152, 155, 158, 159, 162, 164, 165, 166, 172, 173, 176, 182, 183, 191, 201, 202, 204, 206, 217, 218, 221], "summary": {"covered_lines": 90, "num_statements": 93, "percent_covered": 96.7741935483871, "percent_covered_display": "97", "missing_lines": 3, "excluded_lines": 0}, "missing_lines": [168, 169, 203], "excluded_lines": [], "functions": {"OneWayDetector.__init__": {"executed_lines": [104, 105, 106], "summary": {"covered_lines": 3, "num_statements": 3, "percent_covered": 100.0, "percent_covered_display": "100", "missing_lines": 0, "excluded_lines": 0}, "missing_lines": [], "excluded_lines": []}, "OneWayDetector.add_packet": {"executed_lines": [116, 119, 120, 121, 124, 125, 127, 128, 131, 132, 133, 134, 137, 138, 139, 141], "summary": {"covered_lines": 16, "num_statements": 16, "percent_covered": 100.0, "percent_covered_display": "100", "missing_lines": 0, "excluded_lines": 0}, "missing_lines": [], "excluded_lines": []}, "OneWayDetector.analyze": {"executed_lines": [150, 152, 155, 158, 159, 162, 164, 165, 166, 172, 173, 176, 182, 183], "summary": {"covered_lines": 14, "num_statements": 16, "percent_covered": 87.5, "percent_covered_display": "88", "missing_lines": 2, "excluded_lines": 0}, "missing_lines": [168, 169], "excluded_lines": []}, "OneWayDetector._get_reverse_direction": {"executed_lines": [201, 202, 204], "summary": {"covered_lines": 3, "num_statements": 4, "percent_covered": 75.0, "percent_covered_display": "75", "missing_lines": 1, "excluded_lines": 0}, "missing_lines": [203], "excluded_lines": []}, "OneWayDetector._calculate_ack_delta": {"executed_lines": [217, 218, 221], "summary": {"covered_lines": 3, "num_statements": 3, "percent_covered": 100.0, "percent_covered_display": "100", "missing_lines": 0, "excluded_lines": 0}, "missing_lines": [], "excluded_lines": []}, "": {"executed_lines": [1, 8, 9, 11, 13, 17, 20, 21, 22, 24, 25, 27, 28, 30, 31, 33, 34, 36, 37, 39, 40, 42, 43, 46, 47, 48, 50, 51, 53, 54, 56, 57, 59, 60, 62, 63, 66, 67, 68, 70, 71, 73, 74, 76, 77, 79, 80, 82, 83, 86, 87, 97, 108, 143, 191, 206], "summary": {"covered_lines": 51, "num_statements": 51, "percent_covered": 100.0, "percent_covered_display": "100", "missing_lines": 0, "excluded_lines": 0}, "missing_lines": [], "excluded_lines": []}}, "classes": {"TcpPacketInfo": {"executed_lines": [], "summary": {"covered_lines": 0, "num_statements": 0, "percent_covered": 100.0, "percent_covered_display": "100", "missing_lines": 0, "excluded_lines": 0}, "missing_lines": [], "excluded_lines": []}, "DirectionStats": {"executed_lines": [], "summary": {"covered_lines": 0, "num_statements": 0, "percent_covered": 100.0, "percent_covered_display": "100", "missing_lines": 0, "excluded_lines": 0}, "missing_lines": [], "excluded_lines": []}, "StreamAnalysis": {"executed_lines": [], "summary": {"covered_lines": 0, "num_statements": 0, "percent_covered": 100.0, "percent_covered_display": "100", "missing_lines": 0, "excluded_lines": 0}, "missing_lines": [], "excluded_lines": []}, "OneWayDetector": {"executed_lines": [104, 105, 106, 116, 119, 120, 121, 124, 125, 127, 128, 131, 132, 133, 134, 137, 138, 139, 141, 150, 152, 155, 158, 159, 162, 164, 165, 166, 172, 173, 176, 182, 183, 201, 202, 204, 217, 218, 221], "summary": {"covered_lines": 39, "num_statements": 42, "percent_covered": 92.85714285714286, "percent_covered_display": "93", "missing_lines": 3, "excluded_lines": 0}, "missing_lines": [168, 169, 203], "excluded_lines": []}, "": {"executed_lines": [1, 8, 9, 11, 13, 17, 20, 21, 22, 24, 25, 27, 28, 30, 31, 33, 34, 36, 37, 39, 40, 42, 43, 46, 47, 48, 50, 51, 53, 54, 56, 57, 59, 60, 62, 63, 66, 67, 68, 70, 71, 73, 74, 76, 77, 79, 80, 82, 83, 86, 87, 97, 108, 143, 191, 206], "summary": {"covered_lines": 51, "num_statements": 51, "percent_covered": 100.0, "percent_covered_display": "100", "missing_lines": 0, "excluded_lines": 0}, "missing_lines": [], "excluded_lines": []}}}, "capmaster/plugins/filter/plugin.py": {"executed_lines": [1, 7, 8, 10, 12, 13, 14, 15, 16, 18, 21, 22, 23, 25, 26, 28, 30, 33, 34, 42, 49, 56, 57, 64, 69, 71, 88, 90, 91, 92, 93, 94, 98, 99, 102, 103, 106, 107, 108, 110, 112, 115, 117, 118, 120, 122, 129, 131, 137, 149, 152, 163, 164, 165, 166, 169, 171, 172, 174, 175, 182, 184, 185, 186, 187, 190, 191, 200, 206, 207, 215, 219, 221, 231, 233, 235, 236, 239, 240, 243, 253, 255, 262], "summary": {"covered_lines": 81, "num_statements": 95, "percent_covered": 85.26315789473684, "percent_covered_display": "85", "missing_lines": 14, "excluded_lines": 0}, "missing_lines": [95, 96, 124, 127, 133, 134, 135, 188, 201, 202, 203, 208, 213, 263], "excluded_lines": [], "functions": {"FilterPlugin.name": {"executed_lines": [28], "summary": {"covered_lines": 1, "num_statements": 1, "percent_covered": 100.0, "percent_covered_display": "100", "missing_lines": 0, "excluded_lines": 0}, "missing_lines": [], "excluded_lines": []}, "FilterPlugin.setup_cli": {"executed_lines": [33, 34, 42, 49, 56, 57], "summary": {"covered_lines": 6, "num_statements": 6, "percent_covered": 100.0, "percent_covered_display": "100", "missing_lines": 0, "excluded_lines": 0}, "missing_lines": [], "excluded_lines": []}, "FilterPlugin.setup_cli.filter_command": {"executed_lines": [64, 69], "summary": {"covered_lines": 2, "num_statements": 2, "percent_covered": 100.0, "percent_covered_display": "100", "missing_lines": 0, "excluded_lines": 0}, "missing_lines": [], "excluded_lines": []}, "FilterPlugin.execute": {"executed_lines": [88, 90, 91, 92, 93, 94, 98, 99, 102, 103, 106, 107, 108, 110, 112, 115, 117, 118, 120, 122, 129, 131], "summary": {"covered_lines": 22, "num_statements": 29, "percent_covered": 75.86206896551724, "percent_covered_display": "76", "missing_lines": 7, "excluded_lines": 0}, "missing_lines": [95, 96, 124, 127, 133, 134, 135], "excluded_lines": []}, "FilterPlugin._detect_one_way_streams": {"executed_lines": [149, 152, 163, 164, 165, 166, 169, 171, 172, 174, 175, 182, 184, 185, 186, 187, 190, 191, 200, 206, 207, 215, 219], "summary": {"covered_lines": 23, "num_statements": 29, "percent_covered": 79.3103448275862, "percent_covered_display": "79", "missing_lines": 6, "excluded_lines": 0}, "missing_lines": [188, 201, 202, 203, 208, 213], "excluded_lines": []}, "FilterPlugin._filter_pcap": {"executed_lines": [231, 233, 235, 236, 239, 240, 243, 253, 255, 262], "summary": {"covered_lines": 10, "num_statements": 11, "percent_covered": 90.9090909090909, "percent_covered_display": "91", "missing_lines": 1, "excluded_lines": 0}, "missing_lines": [263], "excluded_lines": []}, "": {"executed_lines": [1, 7, 8, 10, 12, 13, 14, 15, 16, 18, 21, 22, 23, 25, 26, 30, 71, 137, 221], "summary": {"covered_lines": 17, "num_statements": 17, "percent_covered": 100.0, "percent_covered_display": "100", "missing_lines": 0, "excluded_lines": 0}, "missing_lines": [], "excluded_lines": []}}, "classes": {"FilterPlugin": {"executed_lines": [28, 33, 34, 42, 49, 56, 57, 64, 69, 88, 90, 91, 92, 93, 94, 98, 99, 102, 103, 106, 107, 108, 110, 112, 115, 117, 118, 120, 122, 129, 131, 149, 152, 163, 164, 165, 166, 169, 171, 172, 174, 175, 182, 184, 185, 186, 187, 190, 191, 200, 206, 207, 215, 219, 231, 233, 235, 236, 239, 240, 243, 253, 255, 262], "summary": {"covered_lines": 64, "num_statements": 78, "percent_covered": 82.05128205128206, "percent_covered_display": "82", "missing_lines": 14, "excluded_lines": 0}, "missing_lines": [95, 96, 124, 127, 133, 134, 135, 188, 201, 202, 203, 208, 213, 263], "excluded_lines": []}, "": {"executed_lines": [1, 7, 8, 10, 12, 13, 14, 15, 16, 18, 21, 22, 23, 25, 26, 30, 71, 137, 221], "summary": {"covered_lines": 17, "num_statements": 17, "percent_covered": 100.0, "percent_covered_display": "100", "missing_lines": 0, "excluded_lines": 0}, "missing_lines": [], "excluded_lines": []}}}, "capmaster/plugins/match/__init__.py": {"executed_lines": [1, 3, 5], "summary": {"covered_lines": 2, "num_statements": 2, "percent_covered": 100.0, "percent_covered_display": "100", "missing_lines": 0, "excluded_lines": 0}, "missing_lines": [], "excluded_lines": [], "functions": {"": {"executed_lines": [1, 3, 5], "summary": {"covered_lines": 2, "num_statements": 2, "percent_covered": 100.0, "percent_covered_display": "100", "missing_lines": 0, "excluded_lines": 0}, "missing_lines": [], "excluded_lines": []}}, "classes": {"": {"executed_lines": [1, 3, 5], "summary": {"covered_lines": 2, "num_statements": 2, "percent_covered": 100.0, "percent_covered_display": "100", "missing_lines": 0, "excluded_lines": 0}, "missing_lines": [], "excluded_lines": []}}}, "capmaster/plugins/match/connection.py": {"executed_lines": [1, 3, 4, 5, 6, 9, 10, 11, 28, 29, 31, 32, 34, 35, 37, 38, 40, 41, 43, 44, 46, 47, 49, 50, 52, 53, 55, 56, 58, 59, 61, 62, 64, 65, 67, 68, 70, 71, 73, 74, 76, 85, 86, 87, 93, 94, 96, 97, 99, 100, 102, 103, 105, 106, 108, 109, 111, 112, 114, 115, 117, 118, 120, 121, 123, 124, 126, 127, 129, 130, 132, 133, 135, 136, 138, 139, 141, 150, 159, 168, 169, 176, 186, 195, 207, 301, 338, 359], "summary": {"covered_lines": 84, "num_statements": 170, "percent_covered": 49.411764705882355, "percent_covered_display": "49", "missing_lines": 86, "excluded_lines": 0}, "missing_lines": [78, 143, 144, 146, 147, 148, 152, 153, 155, 156, 157, 161, 183, 184, 193, 202, 203, 204, 205, 218, 219, 222, 225, 226, 228, 229, 230, 231, 232, 234, 235, 239, 240, 241, 242, 243, 244, 245, 246, 247, 248, 251, 252, 253, 254, 255, 256, 257, 258, 259, 260, 263, 264, 265, 268, 269, 272, 275, 280, 282, 315, 316, 318, 320, 321, 324, 327, 328, 329, 330, 333, 334, 336, 348, 349, 351, 353, 355, 356, 357, 374, 376, 378, 379, 380, 382], "excluded_lines": [], "functions": {"TcpConnection.__str__": {"executed_lines": [], "summary": {"covered_lines": 0, "num_statements": 1, "percent_covered": 0.0, "percent_covered_display": "0", "missing_lines": 1, "excluded_lines": 0}, "missing_lines": [78], "excluded_lines": []}, "TcpPacket.is_syn": {"executed_lines": [], "summary": {"covered_lines": 0, "num_statements": 5, "percent_covered": 0.0, "percent_covered_display": "0", "missing_lines": 5, "excluded_lines": 0}, "missing_lines": [143, 144, 146, 147, 148], "excluded_lines": []}, "TcpPacket.is_syn_ack": {"executed_lines": [], "summary": {"covered_lines": 0, "num_statements": 5, "percent_covered": 0.0, "percent_covered_display": "0", "missing_lines": 5, "excluded_lines": 0}, "missing_lines": [152, 153, 155, 156, 157], "excluded_lines": []}, "TcpPacket.__str__": {"executed_lines": [], "summary": {"covered_lines": 0, "num_statements": 1, "percent_covered": 0.0, "percent_covered_display": "0", "missing_lines": 1, "excluded_lines": 0}, "missing_lines": [161], "excluded_lines": []}, "ConnectionBuilder.__init__": {"executed_lines": [], "summary": {"covered_lines": 0, "num_statements": 2, "percent_covered": 0.0, "percent_covered_display": "0", "missing_lines": 2, "excluded_lines": 0}, "missing_lines": [183, 184], "excluded_lines": []}, "ConnectionBuilder.add_packet": {"executed_lines": [], "summary": {"covered_lines": 0, "num_statements": 1, "percent_covered": 0.0, "percent_covered_display": "0", "missing_lines": 1, "excluded_lines": 0}, "missing_lines": [193], "excluded_lines": []}, "ConnectionBuilder.build_connections": {"executed_lines": [], "summary": {"covered_lines": 0, "num_statements": 4, "percent_covered": 0.0, "percent_covered_display": "0", "missing_lines": 4, "excluded_lines": 0}, "missing_lines": [202, 203, 204, 205], "excluded_lines": []}, "ConnectionBuilder._build_connection": {"executed_lines": [], "summary": {"covered_lines": 0, "num_statements": 41, "percent_covered": 0.0, "percent_covered_display": "0", "missing_lines": 41, "excluded_lines": 0}, "missing_lines": [218, 219, 222, 225, 226, 228, 229, 230, 231, 232, 234, 235, 239, 240, 241, 242, 243, 244, 245, 246, 247, 248, 251, 252, 253, 254, 255, 256, 257, 258, 259, 260, 263, 264, 265, 268, 269, 272, 275, 280, 282], "excluded_lines": []}, "ConnectionBuilder._compute_payload_hashes": {"executed_lines": [], "summary": {"covered_lines": 0, "num_statements": 13, "percent_covered": 0.0, "percent_covered_display": "0", "missing_lines": 13, "excluded_lines": 0}, "missing_lines": [315, 316, 318, 320, 321, 324, 327, 328, 329, 330, 333, 334, 336], "excluded_lines": []}, "ConnectionBuilder._md5_hex": {"executed_lines": [], "summary": {"covered_lines": 0, "num_statements": 7, "percent_covered": 0.0, "percent_covered_display": "0", "missing_lines": 7, "excluded_lines": 0}, "missing_lines": [348, 349, 351, 353, 355, 356, 357], "excluded_lines": []}, "ConnectionBuilder._compute_length_signature": {"executed_lines": [], "summary": {"covered_lines": 0, "num_statements": 6, "percent_covered": 0.0, "percent_covered_display": "0", "missing_lines": 6, "excluded_lines": 0}, "missing_lines": [374, 376, 378, 379, 380, 382], "excluded_lines": []}, "": {"executed_lines": [1, 3, 4, 5, 6, 9, 10, 11, 28, 29, 31, 32, 34, 35, 37, 38, 40, 41, 43, 44, 46, 47, 49, 50, 52, 53, 55, 56, 58, 59, 61, 62, 64, 65, 67, 68, 70, 71, 73, 74, 76, 85, 86, 87, 93, 94, 96, 97, 99, 100, 102, 103, 105, 106, 108, 109, 111, 112, 114, 115, 117, 118, 120, 121, 123, 124, 126, 127, 129, 130, 132, 133, 135, 136, 138, 139, 141, 150, 159, 168, 169, 176, 186, 195, 207, 301, 338, 359], "summary": {"covered_lines": 84, "num_statements": 84, "percent_covered": 100.0, "percent_covered_display": "100", "missing_lines": 0, "excluded_lines": 0}, "missing_lines": [], "excluded_lines": []}}, "classes": {"TcpConnection": {"executed_lines": [], "summary": {"covered_lines": 0, "num_statements": 1, "percent_covered": 0.0, "percent_covered_display": "0", "missing_lines": 1, "excluded_lines": 0}, "missing_lines": [78], "excluded_lines": []}, "TcpPacket": {"executed_lines": [], "summary": {"covered_lines": 0, "num_statements": 11, "percent_covered": 0.0, "percent_covered_display": "0", "missing_lines": 11, "excluded_lines": 0}, "missing_lines": [143, 144, 146, 147, 148, 152, 153, 155, 156, 157, 161], "excluded_lines": []}, "ConnectionBuilder": {"executed_lines": [], "summary": {"covered_lines": 0, "num_statements": 74, "percent_covered": 0.0, "percent_covered_display": "0", "missing_lines": 74, "excluded_lines": 0}, "missing_lines": [183, 184, 193, 202, 203, 204, 205, 218, 219, 222, 225, 226, 228, 229, 230, 231, 232, 234, 235, 239, 240, 241, 242, 243, 244, 245, 246, 247, 248, 251, 252, 253, 254, 255, 256, 257, 258, 259, 260, 263, 264, 265, 268, 269, 272, 275, 280, 282, 315, 316, 318, 320, 321, 324, 327, 328, 329, 330, 333, 334, 336, 348, 349, 351, 353, 355, 356, 357, 374, 376, 378, 379, 380, 382], "excluded_lines": []}, "": {"executed_lines": [1, 3, 4, 5, 6, 9, 10, 11, 28, 29, 31, 32, 34, 35, 37, 38, 40, 41, 43, 44, 46, 47, 49, 50, 52, 53, 55, 56, 58, 59, 61, 62, 64, 65, 67, 68, 70, 71, 73, 74, 76, 85, 86, 87, 93, 94, 96, 97, 99, 100, 102, 103, 105, 106, 108, 109, 111, 112, 114, 115, 117, 118, 120, 121, 123, 124, 126, 127, 129, 130, 132, 133, 135, 136, 138, 139, 141, 150, 159, 168, 169, 176, 186, 195, 207, 301, 338, 359], "summary": {"covered_lines": 84, "num_statements": 84, "percent_covered": 100.0, "percent_covered_display": "100", "missing_lines": 0, "excluded_lines": 0}, "missing_lines": [], "excluded_lines": []}}}, "capmaster/plugins/match/extractor.py": {"executed_lines": [1, 3, 4, 5, 6, 8, 9, 12, 13, 22, 41, 45, 102, 128, 178], "summary": {"covered_lines": 13, "num_statements": 63, "percent_covered": 20.634920634920636, "percent_covered_display": "21", "missing_lines": 50, "excluded_lines": 0}, "missing_lines": [43, 59, 60, 62, 64, 85, 86, 89, 91, 92, 95, 99, 100, 112, 113, 115, 116, 118, 120, 121, 122, 123, 124, 126, 138, 140, 141, 142, 143, 144, 145, 146, 147, 148, 149, 150, 151, 152, 153, 154, 155, 157, 175, 176, 187, 207, 208, 211, 213, 214], "excluded_lines": [], "functions": {"TcpFieldExtractor.__init__": {"executed_lines": [], "summary": {"covered_lines": 0, "num_statements": 1, "percent_covered": 0.0, "percent_covered_display": "0", "missing_lines": 1, "excluded_lines": 0}, "missing_lines": [43], "excluded_lines": []}, "TcpFieldExtractor.extract": {"executed_lines": [], "summary": {"covered_lines": 0, "num_statements": 12, "percent_covered": 0.0, "percent_covered_display": "0", "missing_lines": 12, "excluded_lines": 0}, "missing_lines": [59, 60, 62, 64, 85, 86, 89, 91, 92, 95, 99, 100], "excluded_lines": []}, "TcpFieldExtractor._parse_tsv": {"executed_lines": [], "summary": {"covered_lines": 0, "num_statements": 11, "percent_covered": 0.0, "percent_covered_display": "0", "missing_lines": 11, "excluded_lines": 0}, "missing_lines": [112, 113, 115, 116, 118, 120, 121, 122, 123, 124, 126], "excluded_lines": []}, "TcpFieldExtractor._parse_row": {"executed_lines": [], "summary": {"covered_lines": 0, "num_statements": 20, "percent_covered": 0.0, "percent_covered_display": "0", "missing_lines": 20, "excluded_lines": 0}, "missing_lines": [138, 140, 141, 142, 143, 144, 145, 146, 147, 148, 149, 150, 151, 152, 153, 154, 155, 157, 175, 176], "excluded_lines": []}, "TcpFieldExtractor.extract_to_file": {"executed_lines": [], "summary": {"covered_lines": 0, "num_statements": 6, "percent_covered": 0.0, "percent_covered_display": "0", "missing_lines": 6, "excluded_lines": 0}, "missing_lines": [187, 207, 208, 211, 213, 214], "excluded_lines": []}, "": {"executed_lines": [1, 3, 4, 5, 6, 8, 9, 12, 13, 22, 41, 45, 102, 128, 178], "summary": {"covered_lines": 13, "num_statements": 13, "percent_covered": 100.0, "percent_covered_display": "100", "missing_lines": 0, "excluded_lines": 0}, "missing_lines": [], "excluded_lines": []}}, "classes": {"TcpFieldExtractor": {"executed_lines": [], "summary": {"covered_lines": 0, "num_statements": 50, "percent_covered": 0.0, "percent_covered_display": "0", "missing_lines": 50, "excluded_lines": 0}, "missing_lines": [43, 59, 60, 62, 64, 85, 86, 89, 91, 92, 95, 99, 100, 112, 113, 115, 116, 118, 120, 121, 122, 123, 124, 126, 138, 140, 141, 142, 143, 144, 145, 146, 147, 148, 149, 150, 151, 152, 153, 154, 155, 157, 175, 176, 187, 207, 208, 211, 213, 214], "excluded_lines": []}, "": {"executed_lines": [1, 3, 4, 5, 6, 8, 9, 12, 13, 22, 41, 45, 102, 128, 178], "summary": {"covered_lines": 13, "num_statements": 13, "percent_covered": 100.0, "percent_covered_display": "100", "missing_lines": 0, "excluded_lines": 0}, "missing_lines": [], "excluded_lines": []}}}, "capmaster/plugins/match/matcher.py": {"executed_lines": [1, 3, 4, 5, 6, 8, 9, 12, 13, 15, 16, 18, 19, 21, 22, 24, 25, 28, 29, 30, 34, 35, 37, 38, 40, 41, 43, 52, 53, 62, 79, 114, 163, 192, 234], "summary": {"covered_lines": 31, "num_statements": 88, "percent_covered": 35.22727272727273, "percent_covered_display": "35", "missing_lines": 57, "excluded_lines": 0}, "missing_lines": [45, 75, 76, 77, 95, 98, 99, 102, 104, 105, 106, 110, 112, 129, 130, 139, 140, 141, 142, 145, 146, 149, 150, 153, 154, 157, 158, 161, 178, 180, 181, 182, 183, 184, 186, 188, 190, 207, 208, 209, 212, 214, 215, 216, 218, 220, 223, 226, 227, 228, 229, 230, 232, 251, 252, 254, 256], "excluded_lines": [], "functions": {"ConnectionMatch.__str__": {"executed_lines": [], "summary": {"covered_lines": 0, "num_statements": 1, "percent_covered": 0.0, "percent_covered_display": "0", "missing_lines": 1, "excluded_lines": 0}, "missing_lines": [45], "excluded_lines": []}, "ConnectionMatcher.__init__": {"executed_lines": [], "summary": {"covered_lines": 0, "num_statements": 3, "percent_covered": 0.0, "percent_covered_display": "0", "missing_lines": 3, "excluded_lines": 0}, "missing_lines": [75, 76, 77], "excluded_lines": []}, "ConnectionMatcher.match": {"executed_lines": [], "summary": {"covered_lines": 0, "num_statements": 9, "percent_covered": 0.0, "percent_covered_display": "0", "missing_lines": 9, "excluded_lines": 0}, "missing_lines": [95, 98, 99, 102, 104, 105, 106, 110, 112], "excluded_lines": []}, "ConnectionMatcher._choose_strategy": {"executed_lines": [], "summary": {"covered_lines": 0, "num_statements": 15, "percent_covered": 0.0, "percent_covered_display": "0", "missing_lines": 15, "excluded_lines": 0}, "missing_lines": [129, 130, 139, 140, 141, 142, 145, 146, 149, 150, 153, 154, 157, 158, 161], "excluded_lines": []}, "ConnectionMatcher._create_buckets": {"executed_lines": [], "summary": {"covered_lines": 0, "num_statements": 9, "percent_covered": 0.0, "percent_covered_display": "0", "missing_lines": 9, "excluded_lines": 0}, "missing_lines": [178, 180, 181, 182, 183, 184, 186, 188, 190], "excluded_lines": []}, "ConnectionMatcher._match_bucket": {"executed_lines": [], "summary": {"covered_lines": 0, "num_statements": 16, "percent_covered": 0.0, "percent_covered_display": "0", "missing_lines": 16, "excluded_lines": 0}, "missing_lines": [207, 208, 209, 212, 214, 215, 216, 218, 220, 223, 226, 227, 228, 229, 230, 232], "excluded_lines": []}, "ConnectionMatcher.get_match_stats": {"executed_lines": [], "summary": {"covered_lines": 0, "num_statements": 4, "percent_covered": 0.0, "percent_covered_display": "0", "missing_lines": 4, "excluded_lines": 0}, "missing_lines": [251, 252, 254, 256], "excluded_lines": []}, "": {"executed_lines": [1, 3, 4, 5, 6, 8, 9, 12, 13, 15, 16, 18, 19, 21, 22, 24, 25, 28, 29, 30, 34, 35, 37, 38, 40, 41, 43, 52, 53, 62, 79, 114, 163, 192, 234], "summary": {"covered_lines": 31, "num_statements": 31, "percent_covered": 100.0, "percent_covered_display": "100", "missing_lines": 0, "excluded_lines": 0}, "missing_lines": [], "excluded_lines": []}}, "classes": {"BucketStrategy": {"executed_lines": [], "summary": {"covered_lines": 0, "num_statements": 0, "percent_covered": 100.0, "percent_covered_display": "100", "missing_lines": 0, "excluded_lines": 0}, "missing_lines": [], "excluded_lines": []}, "ConnectionMatch": {"executed_lines": [], "summary": {"covered_lines": 0, "num_statements": 1, "percent_covered": 0.0, "percent_covered_display": "0", "missing_lines": 1, "excluded_lines": 0}, "missing_lines": [45], "excluded_lines": []}, "ConnectionMatcher": {"executed_lines": [], "summary": {"covered_lines": 0, "num_statements": 56, "percent_covered": 0.0, "percent_covered_display": "0", "missing_lines": 56, "excluded_lines": 0}, "missing_lines": [75, 76, 77, 95, 98, 99, 102, 104, 105, 106, 110, 112, 129, 130, 139, 140, 141, 142, 145, 146, 149, 150, 153, 154, 157, 158, 161, 178, 180, 181, 182, 183, 184, 186, 188, 190, 207, 208, 209, 212, 214, 215, 216, 218, 220, 223, 226, 227, 228, 229, 230, 232, 251, 252, 254, 256], "excluded_lines": []}, "": {"executed_lines": [1, 3, 4, 5, 6, 8, 9, 12, 13, 15, 16, 18, 19, 21, 22, 24, 25, 28, 29, 30, 34, 35, 37, 38, 40, 41, 43, 52, 53, 62, 79, 114, 163, 192, 234], "summary": {"covered_lines": 31, "num_statements": 31, "percent_covered": 100.0, "percent_covered_display": "100", "missing_lines": 0, "excluded_lines": 0}, "missing_lines": [], "excluded_lines": []}}}, "capmaster/plugins/match/plugin.py": {"executed_lines": [1, 3, 4, 6, 8, 9, 10, 11, 12, 13, 14, 16, 19, 20, 21, 29, 30, 32, 34, 42, 43, 51, 58, 64, 70, 76, 77, 95, 178, 200], "summary": {"covered_lines": 28, "num_statements": 100, "percent_covered": 28.0, "percent_covered_display": "28", "missing_lines": 72, "excluded_lines": 0}, "missing_lines": [86, 93, 116, 118, 119, 121, 122, 123, 125, 129, 130, 133, 134, 135, 137, 138, 139, 142, 144, 145, 146, 147, 149, 150, 151, 152, 155, 156, 157, 162, 163, 166, 169, 171, 172, 174, 175, 176, 188, 189, 192, 193, 196, 198, 209, 212, 213, 214, 215, 218, 219, 220, 221, 222, 223, 224, 225, 226, 227, 230, 231, 233, 234, 237, 240, 244, 245, 248, 250, 251, 252, 254], "excluded_lines": [], "functions": {"MatchPlugin.name": {"executed_lines": [32], "summary": {"covered_lines": 1, "num_statements": 1, "percent_covered": 100.0, "percent_covered_display": "100", "missing_lines": 0, "excluded_lines": 0}, "missing_lines": [], "excluded_lines": []}, "MatchPlugin.setup_cli": {"executed_lines": [42, 43, 51, 58, 64, 70, 76, 77], "summary": {"covered_lines": 8, "num_statements": 8, "percent_covered": 100.0, "percent_covered_display": "100", "missing_lines": 0, "excluded_lines": 0}, "missing_lines": [], "excluded_lines": []}, "MatchPlugin.setup_cli.match_command": {"executed_lines": [], "summary": {"covered_lines": 0, "num_statements": 2, "percent_covered": 0.0, "percent_covered_display": "0", "missing_lines": 2, "excluded_lines": 0}, "missing_lines": [86, 93], "excluded_lines": []}, "MatchPlugin.execute": {"executed_lines": [], "summary": {"covered_lines": 0, "num_statements": 36, "percent_covered": 0.0, "percent_covered_display": "0", "missing_lines": 36, "excluded_lines": 0}, "missing_lines": [116, 118, 119, 121, 122, 123, 125, 129, 130, 133, 134, 135, 137, 138, 139, 142, 144, 145, 146, 147, 149, 150, 151, 152, 155, 156, 157, 162, 163, 166, 169, 171, 172, 174, 175, 176], "excluded_lines": []}, "MatchPlugin._extract_connections": {"executed_lines": [], "summary": {"covered_lines": 0, "num_statements": 6, "percent_covered": 0.0, "percent_covered_display": "0", "missing_lines": 6, "excluded_lines": 0}, "missing_lines": [188, 189, 192, 193, 196, 198], "excluded_lines": []}, "MatchPlugin._output_results": {"executed_lines": [], "summary": {"covered_lines": 0, "num_statements": 28, "percent_covered": 0.0, "percent_covered_display": "0", "missing_lines": 28, "excluded_lines": 0}, "missing_lines": [209, 212, 213, 214, 215, 218, 219, 220, 221, 222, 223, 224, 225, 226, 227, 230, 231, 233, 234, 237, 240, 244, 245, 248, 250, 251, 252, 254], "excluded_lines": []}, "": {"executed_lines": [1, 3, 4, 6, 8, 9, 10, 11, 12, 13, 14, 16, 19, 20, 21, 29, 30, 34, 95, 178, 200], "summary": {"covered_lines": 19, "num_statements": 19, "percent_covered": 100.0, "percent_covered_display": "100", "missing_lines": 0, "excluded_lines": 0}, "missing_lines": [], "excluded_lines": []}}, "classes": {"MatchPlugin": {"executed_lines": [32, 42, 43, 51, 58, 64, 70, 76, 77], "summary": {"covered_lines": 9, "num_statements": 81, "percent_covered": 11.11111111111111, "percent_covered_display": "11", "missing_lines": 72, "excluded_lines": 0}, "missing_lines": [86, 93, 116, 118, 119, 121, 122, 123, 125, 129, 130, 133, 134, 135, 137, 138, 139, 142, 144, 145, 146, 147, 149, 150, 151, 152, 155, 156, 157, 162, 163, 166, 169, 171, 172, 174, 175, 176, 188, 189, 192, 193, 196, 198, 209, 212, 213, 214, 215, 218, 219, 220, 221, 222, 223, 224, 225, 226, 227, 230, 231, 233, 234, 237, 240, 244, 245, 248, 250, 251, 252, 254], "excluded_lines": []}, "": {"executed_lines": [1, 3, 4, 6, 8, 9, 10, 11, 12, 13, 14, 16, 19, 20, 21, 29, 30, 34, 95, 178, 200], "summary": {"covered_lines": 19, "num_statements": 19, "percent_covered": 100.0, "percent_covered_display": "100", "missing_lines": 0, "excluded_lines": 0}, "missing_lines": [], "excluded_lines": []}}}, "capmaster/plugins/match/sampler.py": {"executed_lines": [1, 3, 5, 8, 9, 18, 35, 46, 58, 92, 112, 154], "summary": {"covered_lines": 10, "num_statements": 50, "percent_covered": 20.0, "percent_covered_display": "20", "missing_lines": 40, "excluded_lines": 0}, "missing_lines": [43, 44, 56, 68, 69, 72, 73, 75, 76, 77, 79, 82, 85, 88, 90, 103, 104, 107, 108, 110, 124, 125, 128, 129, 130, 133, 134, 136, 138, 139, 140, 142, 145, 146, 148, 149, 150, 152, 167, 169], "excluded_lines": [], "functions": {"ConnectionSampler.__init__": {"executed_lines": [], "summary": {"covered_lines": 0, "num_statements": 2, "percent_covered": 0.0, "percent_covered_display": "0", "missing_lines": 2, "excluded_lines": 0}, "missing_lines": [43, 44], "excluded_lines": []}, "ConnectionSampler.should_sample": {"executed_lines": [], "summary": {"covered_lines": 0, "num_statements": 1, "percent_covered": 0.0, "percent_covered_display": "0", "missing_lines": 1, "excluded_lines": 0}, "missing_lines": [56], "excluded_lines": []}, "ConnectionSampler.sample": {"executed_lines": [], "summary": {"covered_lines": 0, "num_statements": 12, "percent_covered": 0.0, "percent_covered_display": "0", "missing_lines": 12, "excluded_lines": 0}, "missing_lines": [68, 69, 72, 73, 75, 76, 77, 79, 82, 85, 88, 90], "excluded_lines": []}, "ConnectionSampler._is_protected": {"executed_lines": [], "summary": {"covered_lines": 0, "num_statements": 5, "percent_covered": 0.0, "percent_covered_display": "0", "missing_lines": 5, "excluded_lines": 0}, "missing_lines": [103, 104, 107, 108, 110], "excluded_lines": []}, "ConnectionSampler._stratified_sample": {"executed_lines": [], "summary": {"covered_lines": 0, "num_statements": 18, "percent_covered": 0.0, "percent_covered_display": "0", "missing_lines": 18, "excluded_lines": 0}, "missing_lines": [124, 125, 128, 129, 130, 133, 134, 136, 138, 139, 140, 142, 145, 146, 148, 149, 150, 152], "excluded_lines": []}, "ConnectionSampler.get_sampling_stats": {"executed_lines": [], "summary": {"covered_lines": 0, "num_statements": 2, "percent_covered": 0.0, "percent_covered_display": "0", "missing_lines": 2, "excluded_lines": 0}, "missing_lines": [167, 169], "excluded_lines": []}, "": {"executed_lines": [1, 3, 5, 8, 9, 18, 35, 46, 58, 92, 112, 154], "summary": {"covered_lines": 10, "num_statements": 10, "percent_covered": 100.0, "percent_covered_display": "100", "missing_lines": 0, "excluded_lines": 0}, "missing_lines": [], "excluded_lines": []}}, "classes": {"ConnectionSampler": {"executed_lines": [], "summary": {"covered_lines": 0, "num_statements": 40, "percent_covered": 0.0, "percent_covered_display": "0", "missing_lines": 40, "excluded_lines": 0}, "missing_lines": [43, 44, 56, 68, 69, 72, 73, 75, 76, 77, 79, 82, 85, 88, 90, 103, 104, 107, 108, 110, 124, 125, 128, 129, 130, 133, 134, 136, 138, 139, 140, 142, 145, 146, 148, 149, 150, 152, 167, 169], "excluded_lines": []}, "": {"executed_lines": [1, 3, 5, 8, 9, 18, 35, 46, 58, 92, 112, 154], "summary": {"covered_lines": 10, "num_statements": 10, "percent_covered": 100.0, "percent_covered_display": "100", "missing_lines": 0, "excluded_lines": 0}, "missing_lines": [], "excluded_lines": []}}}, "capmaster/plugins/match/scorer.py": {"executed_lines": [1, 3, 5, 8, 9, 10, 26, 27, 29, 30, 32, 33, 35, 36, 38, 39, 42, 43, 44, 45, 46, 47, 48, 49, 51, 64, 65, 85, 86, 87, 88, 89, 90, 91, 92, 95, 97, 101, 209, 232, 251, 273, 295, 336, 357, 378, 405], "summary": {"covered_lines": 44, "num_statements": 149, "percent_covered": 29.530201342281877, "percent_covered_display": "30", "missing_lines": 105, "excluded_lines": 0}, "missing_lines": [61, 99, 116, 119, 120, 130, 133, 134, 135, 138, 139, 140, 141, 142, 145, 146, 147, 148, 149, 152, 153, 154, 155, 156, 159, 160, 161, 162, 163, 166, 168, 169, 170, 171, 172, 175, 176, 177, 178, 179, 182, 183, 184, 185, 186, 189, 190, 191, 194, 195, 197, 199, 201, 230, 243, 244, 246, 247, 249, 264, 265, 268, 269, 271, 286, 287, 290, 291, 293, 311, 312, 315, 316, 320, 325, 331, 332, 334, 349, 350, 352, 353, 355, 370, 371, 373, 374, 376, 391, 392, 395, 400, 401, 403, 418, 419, 422, 423, 425, 426, 429, 430, 432, 433, 435], "excluded_lines": [], "functions": {"MatchScore.is_valid_match": {"executed_lines": [], "summary": {"covered_lines": 0, "num_statements": 1, "percent_covered": 0.0, "percent_covered_display": "0", "missing_lines": 1, "excluded_lines": 0}, "missing_lines": [61], "excluded_lines": []}, "ConnectionScorer.__init__": {"executed_lines": [], "summary": {"covered_lines": 0, "num_statements": 1, "percent_covered": 0.0, "percent_covered_display": "0", "missing_lines": 1, "excluded_lines": 0}, "missing_lines": [99], "excluded_lines": []}, "ConnectionScorer.score": {"executed_lines": [], "summary": {"covered_lines": 0, "num_statements": 51, "percent_covered": 0.0, "percent_covered_display": "0", "missing_lines": 51, "excluded_lines": 0}, "missing_lines": [116, 119, 120, 130, 133, 134, 135, 138, 139, 140, 141, 142, 145, 146, 147, 148, 149, 152, 153, 154, 155, 156, 159, 160, 161, 162, 163, 166, 168, 169, 170, 171, 172, 175, 176, 177, 178, 179, 182, 183, 184, 185, 186, 189, 190, 191, 194, 195, 197, 199, 201], "excluded_lines": []}, "ConnectionScorer._check_ipid": {"executed_lines": [], "summary": {"covered_lines": 0, "num_statements": 1, "percent_covered": 0.0, "percent_covered_display": "0", "missing_lines": 1, "excluded_lines": 0}, "missing_lines": [230], "excluded_lines": []}, "ConnectionScorer._score_syn_options": {"executed_lines": [], "summary": {"covered_lines": 0, "num_statements": 5, "percent_covered": 0.0, "percent_covered_display": "0", "missing_lines": 5, "excluded_lines": 0}, "missing_lines": [243, 244, 246, 247, 249], "excluded_lines": []}, "ConnectionScorer._score_isn_client": {"executed_lines": [], "summary": {"covered_lines": 0, "num_statements": 5, "percent_covered": 0.0, "percent_covered_display": "0", "missing_lines": 5, "excluded_lines": 0}, "missing_lines": [264, 265, 268, 269, 271], "excluded_lines": []}, "ConnectionScorer._score_isn_server": {"executed_lines": [], "summary": {"covered_lines": 0, "num_statements": 5, "percent_covered": 0.0, "percent_covered_display": "0", "missing_lines": 5, "excluded_lines": 0}, "missing_lines": [286, 287, 290, 291, 293], "excluded_lines": []}, "ConnectionScorer._score_timestamp": {"executed_lines": [], "summary": {"covered_lines": 0, "num_statements": 9, "percent_covered": 0.0, "percent_covered_display": "0", "missing_lines": 9, "excluded_lines": 0}, "missing_lines": [311, 312, 315, 316, 320, 325, 331, 332, 334], "excluded_lines": []}, "ConnectionScorer._score_payload_client": {"executed_lines": [], "summary": {"covered_lines": 0, "num_statements": 5, "percent_covered": 0.0, "percent_covered_display": "0", "missing_lines": 5, "excluded_lines": 0}, "missing_lines": [349, 350, 352, 353, 355], "excluded_lines": []}, "ConnectionScorer._score_payload_server": {"executed_lines": [], "summary": {"covered_lines": 0, "num_statements": 5, "percent_covered": 0.0, "percent_covered_display": "0", "missing_lines": 5, "excluded_lines": 0}, "missing_lines": [370, 371, 373, 374, 376], "excluded_lines": []}, "ConnectionScorer._score_length_signature": {"executed_lines": [], "summary": {"covered_lines": 0, "num_statements": 6, "percent_covered": 0.0, "percent_covered_display": "0", "missing_lines": 6, "excluded_lines": 0}, "missing_lines": [391, 392, 395, 400, 401, 403], "excluded_lines": []}, "ConnectionScorer._calculate_jaccard_similarity": {"executed_lines": [], "summary": {"covered_lines": 0, "num_statements": 11, "percent_covered": 0.0, "percent_covered_display": "0", "missing_lines": 11, "excluded_lines": 0}, "missing_lines": [418, 419, 422, 423, 425, 426, 429, 430, 432, 433, 435], "excluded_lines": []}, "": {"executed_lines": [1, 3, 5, 8, 9, 10, 26, 27, 29, 30, 32, 33, 35, 36, 38, 39, 42, 43, 44, 45, 46, 47, 48, 49, 51, 64, 65, 85, 86, 87, 88, 89, 90, 91, 92, 95, 97, 101, 209, 232, 251, 273, 295, 336, 357, 378, 405], "summary": {"covered_lines": 44, "num_statements": 44, "percent_covered": 100.0, "percent_covered_display": "100", "missing_lines": 0, "excluded_lines": 0}, "missing_lines": [], "excluded_lines": []}}, "classes": {"MatchScore": {"executed_lines": [], "summary": {"covered_lines": 0, "num_statements": 1, "percent_covered": 0.0, "percent_covered_display": "0", "missing_lines": 1, "excluded_lines": 0}, "missing_lines": [61], "excluded_lines": []}, "ConnectionScorer": {"executed_lines": [], "summary": {"covered_lines": 0, "num_statements": 104, "percent_covered": 0.0, "percent_covered_display": "0", "missing_lines": 104, "excluded_lines": 0}, "missing_lines": [99, 116, 119, 120, 130, 133, 134, 135, 138, 139, 140, 141, 142, 145, 146, 147, 148, 149, 152, 153, 154, 155, 156, 159, 160, 161, 162, 163, 166, 168, 169, 170, 171, 172, 175, 176, 177, 178, 179, 182, 183, 184, 185, 186, 189, 190, 191, 194, 195, 197, 199, 201, 230, 243, 244, 246, 247, 249, 264, 265, 268, 269, 271, 286, 287, 290, 291, 293, 311, 312, 315, 316, 320, 325, 331, 332, 334, 349, 350, 352, 353, 355, 370, 371, 373, 374, 376, 391, 392, 395, 400, 401, 403, 418, 419, 422, 423, 425, 426, 429, 430, 432, 433, 435], "excluded_lines": []}, "": {"executed_lines": [1, 3, 5, 8, 9, 10, 26, 27, 29, 30, 32, 33, 35, 36, 38, 39, 42, 43, 44, 45, 46, 47, 48, 49, 51, 64, 65, 85, 86, 87, 88, 89, 90, 91, 92, 95, 97, 101, 209, 232, 251, 273, 295, 336, 357, 378, 405], "summary": {"covered_lines": 44, "num_statements": 44, "percent_covered": 100.0, "percent_covered_display": "100", "missing_lines": 0, "excluded_lines": 0}, "missing_lines": [], "excluded_lines": []}}}, "capmaster/utils/__init__.py": {"executed_lines": [0], "summary": {"covered_lines": 0, "num_statements": 0, "percent_covered": 100.0, "percent_covered_display": "100", "missing_lines": 0, "excluded_lines": 0}, "missing_lines": [], "excluded_lines": [], "functions": {"": {"executed_lines": [], "summary": {"covered_lines": 0, "num_statements": 0, "percent_covered": 100.0, "percent_covered_display": "100", "missing_lines": 0, "excluded_lines": 0}, "missing_lines": [], "excluded_lines": []}}, "classes": {"": {"executed_lines": [], "summary": {"covered_lines": 0, "num_statements": 0, "percent_covered": 100.0, "percent_covered_display": "100", "missing_lines": 0, "excluded_lines": 0}, "missing_lines": [], "excluded_lines": []}}}, "capmaster/utils/logger.py": {"executed_lines": [1, 3, 5, 6, 9, 10, 13, 25, 30, 33, 34, 37, 40, 46, 49, 50, 52, 54, 57, 67, 70, 71, 77, 78, 79, 80, 81, 83, 86, 91, 96, 101, 106], "summary": {"covered_lines": 32, "num_statements": 37, "percent_covered": 86.48648648648648, "percent_covered_display": "86", "missing_lines": 5, "excluded_lines": 0}, "missing_lines": [88, 93, 98, 103, 108], "excluded_lines": [], "functions": {"setup_logger": {"executed_lines": [25, 30, 33, 34, 37, 40, 46, 49, 50, 52, 54], "summary": {"covered_lines": 11, "num_statements": 11, "percent_covered": 100.0, "percent_covered_display": "100", "missing_lines": 0, "excluded_lines": 0}, "missing_lines": [], "excluded_lines": []}, "get_logger": {"executed_lines": [67, 70, 71, 77, 78, 79, 80, 81, 83], "summary": {"covered_lines": 9, "num_statements": 9, "percent_covered": 100.0, "percent_covered_display": "100", "missing_lines": 0, "excluded_lines": 0}, "missing_lines": [], "excluded_lines": []}, "print_success": {"executed_lines": [], "summary": {"covered_lines": 0, "num_statements": 1, "percent_covered": 0.0, "percent_covered_display": "0", "missing_lines": 1, "excluded_lines": 0}, "missing_lines": [88], "excluded_lines": []}, "print_error": {"executed_lines": [], "summary": {"covered_lines": 0, "num_statements": 1, "percent_covered": 0.0, "percent_covered_display": "0", "missing_lines": 1, "excluded_lines": 0}, "missing_lines": [93], "excluded_lines": []}, "print_warning": {"executed_lines": [], "summary": {"covered_lines": 0, "num_statements": 1, "percent_covered": 0.0, "percent_covered_display": "0", "missing_lines": 1, "excluded_lines": 0}, "missing_lines": [98], "excluded_lines": []}, "print_info": {"executed_lines": [], "summary": {"covered_lines": 0, "num_statements": 1, "percent_covered": 0.0, "percent_covered_display": "0", "missing_lines": 1, "excluded_lines": 0}, "missing_lines": [103], "excluded_lines": []}, "print_header": {"executed_lines": [], "summary": {"covered_lines": 0, "num_statements": 1, "percent_covered": 0.0, "percent_covered_display": "0", "missing_lines": 1, "excluded_lines": 0}, "missing_lines": [108], "excluded_lines": []}, "": {"executed_lines": [1, 3, 5, 6, 9, 10, 13, 57, 86, 91, 96, 101, 106], "summary": {"covered_lines": 12, "num_statements": 12, "percent_covered": 100.0, "percent_covered_display": "100", "missing_lines": 0, "excluded_lines": 0}, "missing_lines": [], "excluded_lines": []}}, "classes": {"": {"executed_lines": [1, 3, 5, 6, 9, 10, 13, 25, 30, 33, 34, 37, 40, 46, 49, 50, 52, 54, 57, 67, 70, 71, 77, 78, 79, 80, 81, 83, 86, 91, 96, 101, 106], "summary": {"covered_lines": 32, "num_statements": 37, "percent_covered": 86.48648648648648, "percent_covered_display": "86", "missing_lines": 5, "excluded_lines": 0}, "missing_lines": [88, 93, 98, 103, 108], "excluded_lines": []}}}}, "totals": {"covered_lines": 638, "num_statements": 1467, "percent_covered": 43.49011588275392, "percent_covered_display": "43", "missing_lines": 829, "excluded_lines": 0}}